[  0%] Built target control_gencfg
[  0%] Built target _control_generate_messages_check_deps_yawFeedback
[  0%] Built target _control_generate_messages_check_deps_rollActionFeedback
[  0%] Built target _control_generate_messages_check_deps_rollGoal
[  0%] Built target _control_generate_messages_check_deps_heaveResult
[  0%] Built target std_msgs_generate_messages_cpp
[  0%] Built target _control_generate_messages_check_deps_swayFeedback
[  0%] Built target _control_generate_messages_check_deps_swayActionGoal
[  0%] Built target _control_generate_messages_check_deps_heaveFeedback
[  0%] Built target _control_generate_messages_check_deps_pitchResult
[  0%] Built target actionlib_msgs_generate_messages_cpp
[  0%] Built target _control_generate_messages_check_deps_yawGoal
[  0%] Built target _control_generate_messages_check_deps_rollAction
[  0%] Built target _control_generate_messages_check_deps_heaveActionResult
[  0%] Built target _control_generate_messages_check_deps_swayResult
[  0%] Built target _control_generate_messages_check_deps_surgeActionGoal
[35m[1mScanning dependencies of target _control_generate_messages_check_deps_TridentThrust[0m
[  0%] Built target _control_generate_messages_check_deps_surgeAction
[  0%] Built target _control_generate_messages_check_deps_surgeFeedback
[  0%] Built target _control_generate_messages_check_deps_heaveAction
[  0%] Built target _control_generate_messages_check_deps_pitchActionGoal
[  0%] Built target _control_generate_messages_check_deps_heaveActionGoal
[  0%] Built target _control_generate_messages_check_deps_pitchFeedback
[  0%] Built target _control_generate_messages_check_deps_TridentThrust
[  0%] Built target _control_generate_messages_check_deps_surgeActionResult
[  0%] Built target _control_generate_messages_check_deps_swayActionFeedback
[  0%] Built target _control_generate_messages_check_deps_pitchGoal
[  0%] Built target _control_generate_messages_check_deps_heaveActionFeedback
[  0%] Built target _control_generate_messages_check_deps_swayAction
[  0%] Built target _control_generate_messages_check_deps_pitchActionResult
[  0%] Built target _control_generate_messages_check_deps_thruster
[  0%] Built target _control_generate_messages_check_deps_rollActionGoal
[  0%] Built target _control_generate_messages_check_deps_yawActionGoal
[  0%] Built target _control_generate_messages_check_deps_yawActionResult
[  0%] Built target _control_generate_messages_check_deps_rollActionResult
[  0%] Built target _control_generate_messages_check_deps_rollResult
[  0%] Built target _control_generate_messages_check_deps_yawActionFeedback
[  0%] Built target _control_generate_messages_check_deps_surgeActionFeedback
[  0%] Built target _control_generate_messages_check_deps_pitchActionFeedback
[  0%] Built target _control_generate_messages_check_deps_pitchAction
[  0%] Built target _control_generate_messages_check_deps_yawResult
[  0%] Built target _control_generate_messages_check_deps_surgeGoal
[  0%] Built target actionlib_msgs_generate_messages_py
[  0%] Built target _control_generate_messages_check_deps_swayGoal
[  0%] Built target std_msgs_generate_messages_py
[  0%] Built target _control_generate_messages_check_deps_surgeResult
[  0%] Built target _control_generate_messages_check_deps_yawAction
[  0%] Built target _control_generate_messages_check_deps_swayActionResult
[  0%] Built target actionlib_msgs_generate_messages_nodejs
[  0%] Built target _control_generate_messages_check_deps_heaveGoal
[  0%] Built target _control_generate_messages_check_deps_rollFeedback
[  0%] Built target std_msgs_generate_messages_lisp
[  0%] Built target std_msgs_generate_messages_nodejs
[  0%] Built target actionlib_msgs_generate_messages_lisp
[  0%] Built target std_msgs_generate_messages_eus
[  0%] Built target actionlib_msgs_generate_messages_eus
[  0%] [34m[1mGenerating Python from MSG control/TridentThrust[0m
[  1%] [34m[1mGenerating C++ code from control/TridentThrust.msg[0m
[  1%] [34m[1mGenerating Javascript code from control/TridentThrust.msg[0m
[  2%] [34m[1mGenerating Lisp code from control/TridentThrust.msg[0m
[  2%] [34m[1mGenerating EusLisp code from control/TridentThrust.msg[0m
[ 21%] Built target control_generate_messages_lisp
[ 41%] Built target control_generate_messages_nodejs
[ 61%] Built target control_generate_messages_eus
[ 62%] [34m[1mGenerating Python msg __init__.py for control[0m
[ 81%] Built target control_generate_messages_cpp
[100%] Built target control_generate_messages_py
[100%] Built target control_generate_messages
