Symlinking /home/milo/blue-meadow/farmsim_unity/ros/devel/include/control/surgeActionResult.h
Symlinking /home/milo/blue-meadow/farmsim_unity/ros/devel/include/control/swayActionFeedback.h
Symlinking /home/milo/blue-meadow/farmsim_unity/ros/devel/include/control/yawFeedback.h
Symlinking /home/milo/blue-meadow/farmsim_unity/ros/devel/include/control/swayActionGoal.h
Symlinking /home/milo/blue-meadow/farmsim_unity/ros/devel/include/control/pitchActionGoal.h
Symlinking /home/milo/blue-meadow/farmsim_unity/ros/devel/include/control/yawActionGoal.h
Symlinking /home/milo/blue-meadow/farmsim_unity/ros/devel/include/control/surgeActionFeedback.h
Symlinking /home/milo/blue-meadow/farmsim_unity/ros/devel/include/control/yawActionResult.h
Symlinking /home/milo/blue-meadow/farmsim_unity/ros/devel/include/control/rollFeedback.h
Symlinking /home/milo/blue-meadow/farmsim_unity/ros/devel/include/control/heaveGoal.h
Symlinking /home/milo/blue-meadow/farmsim_unity/ros/devel/include/control/rollResult.h
Symlinking /home/milo/blue-meadow/farmsim_unity/ros/devel/include/control/yawGoal.h
Symlinking /home/milo/blue-meadow/farmsim_unity/ros/devel/include/control/heaveAction.h
Symlinking /home/milo/blue-meadow/farmsim_unity/ros/devel/include/control/pitchFeedback.h
Symlinking /home/milo/blue-meadow/farmsim_unity/ros/devel/include/control/surgeFeedback.h
Symlinking /home/milo/blue-meadow/farmsim_unity/ros/devel/include/control/pitchResult.h
Symlinking /home/milo/blue-meadow/farmsim_unity/ros/devel/include/control/swayActionResult.h
Symlinking /home/milo/blue-meadow/farmsim_unity/ros/devel/include/control/pitchActionResult.h
Symlinking /home/milo/blue-meadow/farmsim_unity/ros/devel/include/control/rollAction.h
Symlinking /home/milo/blue-meadow/farmsim_unity/ros/devel/include/control/swayResult.h
Symlinking /home/milo/blue-meadow/farmsim_unity/ros/devel/include/control/heaveActionFeedback.h
Symlinking /home/milo/blue-meadow/farmsim_unity/ros/devel/include/control/swayAction.h
Symlinking /home/milo/blue-meadow/farmsim_unity/ros/devel/include/control/heaveFeedback.h
Symlinking /home/milo/blue-meadow/farmsim_unity/ros/devel/include/control/heaveActionResult.h
Symlinking /home/milo/blue-meadow/farmsim_unity/ros/devel/include/control/pitchAction.h
Symlinking /home/milo/blue-meadow/farmsim_unity/ros/devel/include/control/thrusterConfig.h
Symlinking /home/milo/blue-meadow/farmsim_unity/ros/devel/include/control/pitchGoal.h
Symlinking /home/milo/blue-meadow/farmsim_unity/ros/devel/include/control/surgeGoal.h
Symlinking /home/milo/blue-meadow/farmsim_unity/ros/devel/include/control/rollActionFeedback.h
Symlinking /home/milo/blue-meadow/farmsim_unity/ros/devel/include/control/surgeAction.h
Symlinking /home/milo/blue-meadow/farmsim_unity/ros/devel/include/control/pitchActionFeedback.h
Symlinking /home/milo/blue-meadow/farmsim_unity/ros/devel/include/control/heaveResult.h
Symlinking /home/milo/blue-meadow/farmsim_unity/ros/devel/include/control/yawActionFeedback.h
Symlinking /home/milo/blue-meadow/farmsim_unity/ros/devel/include/control/heaveActionGoal.h
Symlinking /home/milo/blue-meadow/farmsim_unity/ros/devel/include/control/yawResult.h
Symlinking /home/milo/blue-meadow/farmsim_unity/ros/devel/include/control/rollActionGoal.h
Symlinking /home/milo/blue-meadow/farmsim_unity/ros/devel/include/control/thruster.h
Symlinking /home/milo/blue-meadow/farmsim_unity/ros/devel/include/control/surgeResult.h
Symlinking /home/milo/blue-meadow/farmsim_unity/ros/devel/include/control/surgeActionGoal.h
Symlinking /home/milo/blue-meadow/farmsim_unity/ros/devel/include/control/rollGoal.h
Symlinking /home/milo/blue-meadow/farmsim_unity/ros/devel/include/control/swayFeedback.h
Symlinking /home/milo/blue-meadow/farmsim_unity/ros/devel/include/control/swayGoal.h
Symlinking /home/milo/blue-meadow/farmsim_unity/ros/devel/include/control/yawAction.h
Symlinking /home/milo/blue-meadow/farmsim_unity/ros/devel/include/control/rollActionResult.h
Symlinking /home/milo/blue-meadow/farmsim_unity/ros/devel/share/gennodejs/ros/control/_index.js
Symlinking /home/milo/blue-meadow/farmsim_unity/ros/devel/share/gennodejs/ros/control/msg/yawGoal.js
Symlinking /home/milo/blue-meadow/farmsim_unity/ros/devel/share/gennodejs/ros/control/msg/yawFeedback.js
Symlinking /home/milo/blue-meadow/farmsim_unity/ros/devel/share/gennodejs/ros/control/msg/rollActionFeedback.js
Symlinking /home/milo/blue-meadow/farmsim_unity/ros/devel/share/gennodejs/ros/control/msg/pitchActionFeedback.js
Symlinking /home/milo/blue-meadow/farmsim_unity/ros/devel/share/gennodejs/ros/control/msg/heaveActionGoal.js
Symlinking /home/milo/blue-meadow/farmsim_unity/ros/devel/share/gennodejs/ros/control/msg/heaveFeedback.js
Symlinking /home/milo/blue-meadow/farmsim_unity/ros/devel/share/gennodejs/ros/control/msg/rollActionResult.js
Symlinking /home/milo/blue-meadow/farmsim_unity/ros/devel/share/gennodejs/ros/control/msg/surgeAction.js
Symlinking /home/milo/blue-meadow/farmsim_unity/ros/devel/share/gennodejs/ros/control/msg/swayResult.js
Symlinking /home/milo/blue-meadow/farmsim_unity/ros/devel/share/gennodejs/ros/control/msg/surgeActionFeedback.js
Symlinking /home/milo/blue-meadow/farmsim_unity/ros/devel/share/gennodejs/ros/control/msg/yawActionFeedback.js
Symlinking /home/milo/blue-meadow/farmsim_unity/ros/devel/share/gennodejs/ros/control/msg/heaveAction.js
Symlinking /home/milo/blue-meadow/farmsim_unity/ros/devel/share/gennodejs/ros/control/msg/rollGoal.js
Symlinking /home/milo/blue-meadow/farmsim_unity/ros/devel/share/gennodejs/ros/control/msg/rollActionGoal.js
Symlinking /home/milo/blue-meadow/farmsim_unity/ros/devel/share/gennodejs/ros/control/msg/rollFeedback.js
Symlinking /home/milo/blue-meadow/farmsim_unity/ros/devel/share/gennodejs/ros/control/msg/surgeActionResult.js
Symlinking /home/milo/blue-meadow/farmsim_unity/ros/devel/share/gennodejs/ros/control/msg/_index.js
Symlinking /home/milo/blue-meadow/farmsim_unity/ros/devel/share/gennodejs/ros/control/msg/swayActionGoal.js
Symlinking /home/milo/blue-meadow/farmsim_unity/ros/devel/share/gennodejs/ros/control/msg/pitchActionGoal.js
Symlinking /home/milo/blue-meadow/farmsim_unity/ros/devel/share/gennodejs/ros/control/msg/rollResult.js
Symlinking /home/milo/blue-meadow/farmsim_unity/ros/devel/share/gennodejs/ros/control/msg/swayFeedback.js
Symlinking /home/milo/blue-meadow/farmsim_unity/ros/devel/share/gennodejs/ros/control/msg/swayActionFeedback.js
Symlinking /home/milo/blue-meadow/farmsim_unity/ros/devel/share/gennodejs/ros/control/msg/swayActionResult.js
Symlinking /home/milo/blue-meadow/farmsim_unity/ros/devel/share/gennodejs/ros/control/msg/heaveResult.js
Symlinking /home/milo/blue-meadow/farmsim_unity/ros/devel/share/gennodejs/ros/control/msg/pitchAction.js
Symlinking /home/milo/blue-meadow/farmsim_unity/ros/devel/share/gennodejs/ros/control/msg/surgeFeedback.js
Symlinking /home/milo/blue-meadow/farmsim_unity/ros/devel/share/gennodejs/ros/control/msg/yawActionGoal.js
Symlinking /home/milo/blue-meadow/farmsim_unity/ros/devel/share/gennodejs/ros/control/msg/pitchFeedback.js
Symlinking /home/milo/blue-meadow/farmsim_unity/ros/devel/share/gennodejs/ros/control/msg/yawResult.js
Symlinking /home/milo/blue-meadow/farmsim_unity/ros/devel/share/gennodejs/ros/control/msg/thruster.js
Symlinking /home/milo/blue-meadow/farmsim_unity/ros/devel/share/gennodejs/ros/control/msg/swayAction.js
Symlinking /home/milo/blue-meadow/farmsim_unity/ros/devel/share/gennodejs/ros/control/msg/pitchResult.js
Symlinking /home/milo/blue-meadow/farmsim_unity/ros/devel/share/gennodejs/ros/control/msg/yawAction.js
Symlinking /home/milo/blue-meadow/farmsim_unity/ros/devel/share/gennodejs/ros/control/msg/pitchActionResult.js
Symlinking /home/milo/blue-meadow/farmsim_unity/ros/devel/share/gennodejs/ros/control/msg/heaveActionFeedback.js
Symlinking /home/milo/blue-meadow/farmsim_unity/ros/devel/share/gennodejs/ros/control/msg/pitchGoal.js
Symlinking /home/milo/blue-meadow/farmsim_unity/ros/devel/share/gennodejs/ros/control/msg/swayGoal.js
Symlinking /home/milo/blue-meadow/farmsim_unity/ros/devel/share/gennodejs/ros/control/msg/yawActionResult.js
Symlinking /home/milo/blue-meadow/farmsim_unity/ros/devel/share/gennodejs/ros/control/msg/surgeResult.js
Symlinking /home/milo/blue-meadow/farmsim_unity/ros/devel/share/gennodejs/ros/control/msg/surgeActionGoal.js
Symlinking /home/milo/blue-meadow/farmsim_unity/ros/devel/share/gennodejs/ros/control/msg/heaveGoal.js
Symlinking /home/milo/blue-meadow/farmsim_unity/ros/devel/share/gennodejs/ros/control/msg/heaveActionResult.js
Symlinking /home/milo/blue-meadow/farmsim_unity/ros/devel/share/gennodejs/ros/control/msg/surgeGoal.js
Symlinking /home/milo/blue-meadow/farmsim_unity/ros/devel/share/gennodejs/ros/control/msg/rollAction.js
Symlinking /home/milo/blue-meadow/farmsim_unity/ros/devel/share/control/cmake/control-msg-extras.cmake
Symlinking /home/milo/blue-meadow/farmsim_unity/ros/devel/share/control/cmake/controlConfig-version.cmake
Symlinking /home/milo/blue-meadow/farmsim_unity/ros/devel/share/control/cmake/controlConfig.cmake
Symlinking /home/milo/blue-meadow/farmsim_unity/ros/devel/share/control/cmake/control-msg-paths.cmake
Symlinking /home/milo/blue-meadow/farmsim_unity/ros/devel/share/control/msg/heaveActionFeedback.msg
Symlinking /home/milo/blue-meadow/farmsim_unity/ros/devel/share/control/msg/swayActionGoal.msg
Symlinking /home/milo/blue-meadow/farmsim_unity/ros/devel/share/control/msg/heaveFeedback.msg
Symlinking /home/milo/blue-meadow/farmsim_unity/ros/devel/share/control/msg/swayAction.msg
Symlinking /home/milo/blue-meadow/farmsim_unity/ros/devel/share/control/msg/pitchAction.msg
Symlinking /home/milo/blue-meadow/farmsim_unity/ros/devel/share/control/msg/surgeGoal.msg
Symlinking /home/milo/blue-meadow/farmsim_unity/ros/devel/share/control/msg/swayActionResult.msg
Symlinking /home/milo/blue-meadow/farmsim_unity/ros/devel/share/control/msg/pitchFeedback.msg
Symlinking /home/milo/blue-meadow/farmsim_unity/ros/devel/share/control/msg/swayGoal.msg
Symlinking /home/milo/blue-meadow/farmsim_unity/ros/devel/share/control/msg/heaveGoal.msg
Symlinking /home/milo/blue-meadow/farmsim_unity/ros/devel/share/control/msg/pitchGoal.msg
Symlinking /home/milo/blue-meadow/farmsim_unity/ros/devel/share/control/msg/rollActionResult.msg
Symlinking /home/milo/blue-meadow/farmsim_unity/ros/devel/share/control/msg/yawGoal.msg
Symlinking /home/milo/blue-meadow/farmsim_unity/ros/devel/share/control/msg/surgeFeedback.msg
Symlinking /home/milo/blue-meadow/farmsim_unity/ros/devel/share/control/msg/yawResult.msg
Symlinking /home/milo/blue-meadow/farmsim_unity/ros/devel/share/control/msg/heaveActionGoal.msg
Symlinking /home/milo/blue-meadow/farmsim_unity/ros/devel/share/control/msg/rollAction.msg
Symlinking /home/milo/blue-meadow/farmsim_unity/ros/devel/share/control/msg/rollResult.msg
Symlinking /home/milo/blue-meadow/farmsim_unity/ros/devel/share/control/msg/pitchActionGoal.msg
Symlinking /home/milo/blue-meadow/farmsim_unity/ros/devel/share/control/msg/swayActionFeedback.msg
Symlinking /home/milo/blue-meadow/farmsim_unity/ros/devel/share/control/msg/swayFeedback.msg
Symlinking /home/milo/blue-meadow/farmsim_unity/ros/devel/share/control/msg/heaveActionResult.msg
Symlinking /home/milo/blue-meadow/farmsim_unity/ros/devel/share/control/msg/surgeResult.msg
Symlinking /home/milo/blue-meadow/farmsim_unity/ros/devel/share/control/msg/pitchActionResult.msg
Symlinking /home/milo/blue-meadow/farmsim_unity/ros/devel/share/control/msg/rollActionFeedback.msg
Symlinking /home/milo/blue-meadow/farmsim_unity/ros/devel/share/control/msg/rollGoal.msg
Symlinking /home/milo/blue-meadow/farmsim_unity/ros/devel/share/control/msg/yawActionGoal.msg
Symlinking /home/milo/blue-meadow/farmsim_unity/ros/devel/share/control/msg/yawFeedback.msg
Symlinking /home/milo/blue-meadow/farmsim_unity/ros/devel/share/control/msg/yawActionResult.msg
Symlinking /home/milo/blue-meadow/farmsim_unity/ros/devel/share/control/msg/heaveResult.msg
Symlinking /home/milo/blue-meadow/farmsim_unity/ros/devel/share/control/msg/yawActionFeedback.msg
Symlinking /home/milo/blue-meadow/farmsim_unity/ros/devel/share/control/msg/swayResult.msg
Symlinking /home/milo/blue-meadow/farmsim_unity/ros/devel/share/control/msg/surgeActionFeedback.msg
Symlinking /home/milo/blue-meadow/farmsim_unity/ros/devel/share/control/msg/rollActionGoal.msg
Symlinking /home/milo/blue-meadow/farmsim_unity/ros/devel/share/control/msg/surgeActionGoal.msg
Symlinking /home/milo/blue-meadow/farmsim_unity/ros/devel/share/control/msg/surgeAction.msg
Symlinking /home/milo/blue-meadow/farmsim_unity/ros/devel/share/control/msg/surgeActionResult.msg
Symlinking /home/milo/blue-meadow/farmsim_unity/ros/devel/share/control/msg/pitchActionFeedback.msg
Symlinking /home/milo/blue-meadow/farmsim_unity/ros/devel/share/control/msg/heaveAction.msg
Symlinking /home/milo/blue-meadow/farmsim_unity/ros/devel/share/control/msg/pitchResult.msg
Symlinking /home/milo/blue-meadow/farmsim_unity/ros/devel/share/control/msg/yawAction.msg
Symlinking /home/milo/blue-meadow/farmsim_unity/ros/devel/share/control/msg/rollFeedback.msg
Symlinking /home/milo/blue-meadow/farmsim_unity/ros/devel/share/control/docs/thrusterConfig-usage.dox
Symlinking /home/milo/blue-meadow/farmsim_unity/ros/devel/share/control/docs/thrusterConfig.dox
Symlinking /home/milo/blue-meadow/farmsim_unity/ros/devel/share/control/docs/thrusterConfig.wikidoc
Symlinking /home/milo/blue-meadow/farmsim_unity/ros/devel/share/common-lisp/ros/control/msg/_package_pitchActionResult.lisp
Symlinking /home/milo/blue-meadow/farmsim_unity/ros/devel/share/common-lisp/ros/control/msg/heaveAction.lisp
Symlinking /home/milo/blue-meadow/farmsim_unity/ros/devel/share/common-lisp/ros/control/msg/_package_swayActionFeedback.lisp
Symlinking /home/milo/blue-meadow/farmsim_unity/ros/devel/share/common-lisp/ros/control/msg/yawActionResult.lisp
Symlinking /home/milo/blue-meadow/farmsim_unity/ros/devel/share/common-lisp/ros/control/msg/_package_surgeActionFeedback.lisp
Symlinking /home/milo/blue-meadow/farmsim_unity/ros/devel/share/common-lisp/ros/control/msg/swayActionGoal.lisp
Symlinking /home/milo/blue-meadow/farmsim_unity/ros/devel/share/common-lisp/ros/control/msg/_package_heaveResult.lisp
Symlinking /home/milo/blue-meadow/farmsim_unity/ros/devel/share/common-lisp/ros/control/msg/pitchActionFeedback.lisp
Symlinking /home/milo/blue-meadow/farmsim_unity/ros/devel/share/common-lisp/ros/control/msg/swayActionResult.lisp
Symlinking /home/milo/blue-meadow/farmsim_unity/ros/devel/share/common-lisp/ros/control/msg/_package_surgeResult.lisp
Symlinking /home/milo/blue-meadow/farmsim_unity/ros/devel/share/common-lisp/ros/control/msg/_package_heaveFeedback.lisp
Symlinking /home/milo/blue-meadow/farmsim_unity/ros/devel/share/common-lisp/ros/control/msg/_package_heaveGoal.lisp
Symlinking /home/milo/blue-meadow/farmsim_unity/ros/devel/share/common-lisp/ros/control/msg/_package_pitchActionGoal.lisp
Symlinking /home/milo/blue-meadow/farmsim_unity/ros/devel/share/common-lisp/ros/control/msg/_package_rollActionResult.lisp
Symlinking /home/milo/blue-meadow/farmsim_unity/ros/devel/share/common-lisp/ros/control/msg/_package_rollFeedback.lisp
Symlinking /home/milo/blue-meadow/farmsim_unity/ros/devel/share/common-lisp/ros/control/msg/heaveActionResult.lisp
Symlinking /home/milo/blue-meadow/farmsim_unity/ros/devel/share/common-lisp/ros/control/msg/_package_surgeActionResult.lisp
Symlinking /home/milo/blue-meadow/farmsim_unity/ros/devel/share/common-lisp/ros/control/msg/pitchGoal.lisp
Symlinking /home/milo/blue-meadow/farmsim_unity/ros/devel/share/common-lisp/ros/control/msg/_package_pitchActionFeedback.lisp
Symlinking /home/milo/blue-meadow/farmsim_unity/ros/devel/share/common-lisp/ros/control/msg/surgeFeedback.lisp
Symlinking /home/milo/blue-meadow/farmsim_unity/ros/devel/share/common-lisp/ros/control/msg/rollActionFeedback.lisp
Symlinking /home/milo/blue-meadow/farmsim_unity/ros/devel/share/common-lisp/ros/control/msg/rollResult.lisp
Symlinking /home/milo/blue-meadow/farmsim_unity/ros/devel/share/common-lisp/ros/control/msg/heaveActionGoal.lisp
Symlinking /home/milo/blue-meadow/farmsim_unity/ros/devel/share/common-lisp/ros/control/msg/swayActionFeedback.lisp
Symlinking /home/milo/blue-meadow/farmsim_unity/ros/devel/share/common-lisp/ros/control/msg/_package_swayActionGoal.lisp
Symlinking /home/milo/blue-meadow/farmsim_unity/ros/devel/share/common-lisp/ros/control/msg/rollActionResult.lisp
Symlinking /home/milo/blue-meadow/farmsim_unity/ros/devel/share/common-lisp/ros/control/msg/swayGoal.lisp
Symlinking /home/milo/blue-meadow/farmsim_unity/ros/devel/share/common-lisp/ros/control/msg/control-msg.asd
Symlinking /home/milo/blue-meadow/farmsim_unity/ros/devel/share/common-lisp/ros/control/msg/_package_yawAction.lisp
Symlinking /home/milo/blue-meadow/farmsim_unity/ros/devel/share/common-lisp/ros/control/msg/_package_rollActionGoal.lisp
Symlinking /home/milo/blue-meadow/farmsim_unity/ros/devel/share/common-lisp/ros/control/msg/_package_pitchFeedback.lisp
Symlinking /home/milo/blue-meadow/farmsim_unity/ros/devel/share/common-lisp/ros/control/msg/_package_swayResult.lisp
Symlinking /home/milo/blue-meadow/farmsim_unity/ros/devel/share/common-lisp/ros/control/msg/_package_yawFeedback.lisp
Symlinking /home/milo/blue-meadow/farmsim_unity/ros/devel/share/common-lisp/ros/control/msg/_package_pitchAction.lisp
Symlinking /home/milo/blue-meadow/farmsim_unity/ros/devel/share/common-lisp/ros/control/msg/_package_heaveActionResult.lisp
Symlinking /home/milo/blue-meadow/farmsim_unity/ros/devel/share/common-lisp/ros/control/msg/_package_surgeAction.lisp
Symlinking /home/milo/blue-meadow/farmsim_unity/ros/devel/share/common-lisp/ros/control/msg/heaveActionFeedback.lisp
Symlinking /home/milo/blue-meadow/farmsim_unity/ros/devel/share/common-lisp/ros/control/msg/pitchResult.lisp
Symlinking /home/milo/blue-meadow/farmsim_unity/ros/devel/share/common-lisp/ros/control/msg/_package_swayFeedback.lisp
Symlinking /home/milo/blue-meadow/farmsim_unity/ros/devel/share/common-lisp/ros/control/msg/pitchActionGoal.lisp
Symlinking /home/milo/blue-meadow/farmsim_unity/ros/devel/share/common-lisp/ros/control/msg/rollActionGoal.lisp
Symlinking /home/milo/blue-meadow/farmsim_unity/ros/devel/share/common-lisp/ros/control/msg/_package_swayActionResult.lisp
Symlinking /home/milo/blue-meadow/farmsim_unity/ros/devel/share/common-lisp/ros/control/msg/swayResult.lisp
Symlinking /home/milo/blue-meadow/farmsim_unity/ros/devel/share/common-lisp/ros/control/msg/_package.lisp
Symlinking /home/milo/blue-meadow/farmsim_unity/ros/devel/share/common-lisp/ros/control/msg/pitchFeedback.lisp
Symlinking /home/milo/blue-meadow/farmsim_unity/ros/devel/share/common-lisp/ros/control/msg/heaveGoal.lisp
Symlinking /home/milo/blue-meadow/farmsim_unity/ros/devel/share/common-lisp/ros/control/msg/thruster.lisp
Symlinking /home/milo/blue-meadow/farmsim_unity/ros/devel/share/common-lisp/ros/control/msg/yawActionGoal.lisp
Symlinking /home/milo/blue-meadow/farmsim_unity/ros/devel/share/common-lisp/ros/control/msg/_package_pitchResult.lisp
Symlinking /home/milo/blue-meadow/farmsim_unity/ros/devel/share/common-lisp/ros/control/msg/surgeActionGoal.lisp
Symlinking /home/milo/blue-meadow/farmsim_unity/ros/devel/share/common-lisp/ros/control/msg/_package_swayAction.lisp
Symlinking /home/milo/blue-meadow/farmsim_unity/ros/devel/share/common-lisp/ros/control/msg/_package_yawResult.lisp
Symlinking /home/milo/blue-meadow/farmsim_unity/ros/devel/share/common-lisp/ros/control/msg/pitchActionResult.lisp
Symlinking /home/milo/blue-meadow/farmsim_unity/ros/devel/share/common-lisp/ros/control/msg/_package_rollActionFeedback.lisp
Symlinking /home/milo/blue-meadow/farmsim_unity/ros/devel/share/common-lisp/ros/control/msg/heaveFeedback.lisp
Symlinking /home/milo/blue-meadow/farmsim_unity/ros/devel/share/common-lisp/ros/control/msg/yawActionFeedback.lisp
Symlinking /home/milo/blue-meadow/farmsim_unity/ros/devel/share/common-lisp/ros/control/msg/_package_yawActionResult.lisp
Symlinking /home/milo/blue-meadow/farmsim_unity/ros/devel/share/common-lisp/ros/control/msg/rollFeedback.lisp
Symlinking /home/milo/blue-meadow/farmsim_unity/ros/devel/share/common-lisp/ros/control/msg/surgeAction.lisp
Symlinking /home/milo/blue-meadow/farmsim_unity/ros/devel/share/common-lisp/ros/control/msg/_package_heaveActionFeedback.lisp
Symlinking /home/milo/blue-meadow/farmsim_unity/ros/devel/share/common-lisp/ros/control/msg/_package_heaveAction.lisp
Symlinking /home/milo/blue-meadow/farmsim_unity/ros/devel/share/common-lisp/ros/control/msg/_package_pitchGoal.lisp
Symlinking /home/milo/blue-meadow/farmsim_unity/ros/devel/share/common-lisp/ros/control/msg/rollAction.lisp
Symlinking /home/milo/blue-meadow/farmsim_unity/ros/devel/share/common-lisp/ros/control/msg/_package_heaveActionGoal.lisp
Symlinking /home/milo/blue-meadow/farmsim_unity/ros/devel/share/common-lisp/ros/control/msg/_package_surgeGoal.lisp
Symlinking /home/milo/blue-meadow/farmsim_unity/ros/devel/share/common-lisp/ros/control/msg/pitchAction.lisp
Symlinking /home/milo/blue-meadow/farmsim_unity/ros/devel/share/common-lisp/ros/control/msg/yawGoal.lisp
Symlinking /home/milo/blue-meadow/farmsim_unity/ros/devel/share/common-lisp/ros/control/msg/_package_rollResult.lisp
Symlinking /home/milo/blue-meadow/farmsim_unity/ros/devel/share/common-lisp/ros/control/msg/heaveResult.lisp
Symlinking /home/milo/blue-meadow/farmsim_unity/ros/devel/share/common-lisp/ros/control/msg/_package_swayGoal.lisp
Symlinking /home/milo/blue-meadow/farmsim_unity/ros/devel/share/common-lisp/ros/control/msg/yawResult.lisp
Symlinking /home/milo/blue-meadow/farmsim_unity/ros/devel/share/common-lisp/ros/control/msg/_package_thruster.lisp
Symlinking /home/milo/blue-meadow/farmsim_unity/ros/devel/share/common-lisp/ros/control/msg/_package_surgeActionGoal.lisp
Symlinking /home/milo/blue-meadow/farmsim_unity/ros/devel/share/common-lisp/ros/control/msg/rollGoal.lisp
Symlinking /home/milo/blue-meadow/farmsim_unity/ros/devel/share/common-lisp/ros/control/msg/yawFeedback.lisp
Symlinking /home/milo/blue-meadow/farmsim_unity/ros/devel/share/common-lisp/ros/control/msg/yawAction.lisp
Symlinking /home/milo/blue-meadow/farmsim_unity/ros/devel/share/common-lisp/ros/control/msg/_package_rollAction.lisp
Symlinking /home/milo/blue-meadow/farmsim_unity/ros/devel/share/common-lisp/ros/control/msg/surgeResult.lisp
Symlinking /home/milo/blue-meadow/farmsim_unity/ros/devel/share/common-lisp/ros/control/msg/_package_yawActionGoal.lisp
Symlinking /home/milo/blue-meadow/farmsim_unity/ros/devel/share/common-lisp/ros/control/msg/surgeGoal.lisp
Symlinking /home/milo/blue-meadow/farmsim_unity/ros/devel/share/common-lisp/ros/control/msg/_package_surgeFeedback.lisp
Symlinking /home/milo/blue-meadow/farmsim_unity/ros/devel/share/common-lisp/ros/control/msg/_package_yawGoal.lisp
Symlinking /home/milo/blue-meadow/farmsim_unity/ros/devel/share/common-lisp/ros/control/msg/_package_rollGoal.lisp
Symlinking /home/milo/blue-meadow/farmsim_unity/ros/devel/share/common-lisp/ros/control/msg/surgeActionResult.lisp
Symlinking /home/milo/blue-meadow/farmsim_unity/ros/devel/share/common-lisp/ros/control/msg/surgeActionFeedback.lisp
Symlinking /home/milo/blue-meadow/farmsim_unity/ros/devel/share/common-lisp/ros/control/msg/swayFeedback.lisp
Symlinking /home/milo/blue-meadow/farmsim_unity/ros/devel/share/common-lisp/ros/control/msg/swayAction.lisp
Symlinking /home/milo/blue-meadow/farmsim_unity/ros/devel/share/common-lisp/ros/control/msg/_package_yawActionFeedback.lisp
Symlinking /home/milo/blue-meadow/farmsim_unity/ros/devel/share/roseus/ros/control/manifest.l
Symlinking /home/milo/blue-meadow/farmsim_unity/ros/devel/share/roseus/ros/control/msg/surgeFeedback.l
Symlinking /home/milo/blue-meadow/farmsim_unity/ros/devel/share/roseus/ros/control/msg/heaveActionGoal.l
Symlinking /home/milo/blue-meadow/farmsim_unity/ros/devel/share/roseus/ros/control/msg/surgeResult.l
Symlinking /home/milo/blue-meadow/farmsim_unity/ros/devel/share/roseus/ros/control/msg/swayFeedback.l
Symlinking /home/milo/blue-meadow/farmsim_unity/ros/devel/share/roseus/ros/control/msg/heaveResult.l
Symlinking /home/milo/blue-meadow/farmsim_unity/ros/devel/share/roseus/ros/control/msg/yawActionGoal.l
Symlinking /home/milo/blue-meadow/farmsim_unity/ros/devel/share/roseus/ros/control/msg/heaveFeedback.l
Symlinking /home/milo/blue-meadow/farmsim_unity/ros/devel/share/roseus/ros/control/msg/yawFeedback.l
Symlinking /home/milo/blue-meadow/farmsim_unity/ros/devel/share/roseus/ros/control/msg/yawGoal.l
Symlinking /home/milo/blue-meadow/farmsim_unity/ros/devel/share/roseus/ros/control/msg/heaveGoal.l
Symlinking /home/milo/blue-meadow/farmsim_unity/ros/devel/share/roseus/ros/control/msg/surgeActionGoal.l
Symlinking /home/milo/blue-meadow/farmsim_unity/ros/devel/share/roseus/ros/control/msg/rollFeedback.l
Symlinking /home/milo/blue-meadow/farmsim_unity/ros/devel/share/roseus/ros/control/msg/surgeActionFeedback.l
Symlinking /home/milo/blue-meadow/farmsim_unity/ros/devel/share/roseus/ros/control/msg/rollActionResult.l
Symlinking /home/milo/blue-meadow/farmsim_unity/ros/devel/share/roseus/ros/control/msg/pitchGoal.l
Symlinking /home/milo/blue-meadow/farmsim_unity/ros/devel/share/roseus/ros/control/msg/heaveActionResult.l
Symlinking /home/milo/blue-meadow/farmsim_unity/ros/devel/share/roseus/ros/control/msg/pitchActionResult.l
Symlinking /home/milo/blue-meadow/farmsim_unity/ros/devel/share/roseus/ros/control/msg/swayGoal.l
Symlinking /home/milo/blue-meadow/farmsim_unity/ros/devel/share/roseus/ros/control/msg/pitchFeedback.l
Symlinking /home/milo/blue-meadow/farmsim_unity/ros/devel/share/roseus/ros/control/msg/heaveAction.l
Symlinking /home/milo/blue-meadow/farmsim_unity/ros/devel/share/roseus/ros/control/msg/yawActionResult.l
Symlinking /home/milo/blue-meadow/farmsim_unity/ros/devel/share/roseus/ros/control/msg/rollActionFeedback.l
Symlinking /home/milo/blue-meadow/farmsim_unity/ros/devel/share/roseus/ros/control/msg/swayResult.l
Symlinking /home/milo/blue-meadow/farmsim_unity/ros/devel/share/roseus/ros/control/msg/surgeAction.l
Symlinking /home/milo/blue-meadow/farmsim_unity/ros/devel/share/roseus/ros/control/msg/surgeGoal.l
Symlinking /home/milo/blue-meadow/farmsim_unity/ros/devel/share/roseus/ros/control/msg/rollAction.l
Symlinking /home/milo/blue-meadow/farmsim_unity/ros/devel/share/roseus/ros/control/msg/pitchAction.l
Symlinking /home/milo/blue-meadow/farmsim_unity/ros/devel/share/roseus/ros/control/msg/pitchActionFeedback.l
Symlinking /home/milo/blue-meadow/farmsim_unity/ros/devel/share/roseus/ros/control/msg/yawAction.l
Symlinking /home/milo/blue-meadow/farmsim_unity/ros/devel/share/roseus/ros/control/msg/rollGoal.l
Symlinking /home/milo/blue-meadow/farmsim_unity/ros/devel/share/roseus/ros/control/msg/swayActionResult.l
Symlinking /home/milo/blue-meadow/farmsim_unity/ros/devel/share/roseus/ros/control/msg/pitchActionGoal.l
Symlinking /home/milo/blue-meadow/farmsim_unity/ros/devel/share/roseus/ros/control/msg/thruster.l
Symlinking /home/milo/blue-meadow/farmsim_unity/ros/devel/share/roseus/ros/control/msg/pitchResult.l
Symlinking /home/milo/blue-meadow/farmsim_unity/ros/devel/share/roseus/ros/control/msg/heaveActionFeedback.l
Symlinking /home/milo/blue-meadow/farmsim_unity/ros/devel/share/roseus/ros/control/msg/rollActionGoal.l
Symlinking /home/milo/blue-meadow/farmsim_unity/ros/devel/share/roseus/ros/control/msg/swayAction.l
Symlinking /home/milo/blue-meadow/farmsim_unity/ros/devel/share/roseus/ros/control/msg/swayActionFeedback.l
Symlinking /home/milo/blue-meadow/farmsim_unity/ros/devel/share/roseus/ros/control/msg/surgeActionResult.l
Symlinking /home/milo/blue-meadow/farmsim_unity/ros/devel/share/roseus/ros/control/msg/swayActionGoal.l
Symlinking /home/milo/blue-meadow/farmsim_unity/ros/devel/share/roseus/ros/control/msg/yawResult.l
Symlinking /home/milo/blue-meadow/farmsim_unity/ros/devel/share/roseus/ros/control/msg/yawActionFeedback.l
Symlinking /home/milo/blue-meadow/farmsim_unity/ros/devel/share/roseus/ros/control/msg/rollResult.l
Symlinking /home/milo/blue-meadow/farmsim_unity/ros/devel/lib/pkgconfig/control.pc
Symlinking /home/milo/blue-meadow/farmsim_unity/ros/devel/lib/python2.7/dist-packages/control/__init__.py
Symlinking /home/milo/blue-meadow/farmsim_unity/ros/devel/lib/python2.7/dist-packages/control/cfg/__init__.py
Symlinking /home/milo/blue-meadow/farmsim_unity/ros/devel/lib/python2.7/dist-packages/control/cfg/thrusterConfig.py
Symlinking /home/milo/blue-meadow/farmsim_unity/ros/devel/lib/python2.7/dist-packages/control/msg/_heaveResult.py
Symlinking /home/milo/blue-meadow/farmsim_unity/ros/devel/lib/python2.7/dist-packages/control/msg/_pitchResult.py
Symlinking /home/milo/blue-meadow/farmsim_unity/ros/devel/lib/python2.7/dist-packages/control/msg/_surgeFeedback.py
Symlinking /home/milo/blue-meadow/farmsim_unity/ros/devel/lib/python2.7/dist-packages/control/msg/_rollResult.py
Symlinking /home/milo/blue-meadow/farmsim_unity/ros/devel/lib/python2.7/dist-packages/control/msg/_yawFeedback.py
Symlinking /home/milo/blue-meadow/farmsim_unity/ros/devel/lib/python2.7/dist-packages/control/msg/_yawGoal.py
Symlinking /home/milo/blue-meadow/farmsim_unity/ros/devel/lib/python2.7/dist-packages/control/msg/_pitchActionResult.py
Symlinking /home/milo/blue-meadow/farmsim_unity/ros/devel/lib/python2.7/dist-packages/control/msg/_rollActionFeedback.py
Symlinking /home/milo/blue-meadow/farmsim_unity/ros/devel/lib/python2.7/dist-packages/control/msg/_rollFeedback.py
Symlinking /home/milo/blue-meadow/farmsim_unity/ros/devel/lib/python2.7/dist-packages/control/msg/_surgeActionFeedback.py
Symlinking /home/milo/blue-meadow/farmsim_unity/ros/devel/lib/python2.7/dist-packages/control/msg/__init__.py
Symlinking /home/milo/blue-meadow/farmsim_unity/ros/devel/lib/python2.7/dist-packages/control/msg/_yawActionGoal.py
Symlinking /home/milo/blue-meadow/farmsim_unity/ros/devel/lib/python2.7/dist-packages/control/msg/_yawActionFeedback.py
Symlinking /home/milo/blue-meadow/farmsim_unity/ros/devel/lib/python2.7/dist-packages/control/msg/_surgeActionResult.py
Symlinking /home/milo/blue-meadow/farmsim_unity/ros/devel/lib/python2.7/dist-packages/control/msg/_heaveFeedback.py
Symlinking /home/milo/blue-meadow/farmsim_unity/ros/devel/lib/python2.7/dist-packages/control/msg/_pitchActionGoal.py
Symlinking /home/milo/blue-meadow/farmsim_unity/ros/devel/lib/python2.7/dist-packages/control/msg/_rollActionGoal.py
Symlinking /home/milo/blue-meadow/farmsim_unity/ros/devel/lib/python2.7/dist-packages/control/msg/_swayActionFeedback.py
Symlinking /home/milo/blue-meadow/farmsim_unity/ros/devel/lib/python2.7/dist-packages/control/msg/_pitchFeedback.py
Symlinking /home/milo/blue-meadow/farmsim_unity/ros/devel/lib/python2.7/dist-packages/control/msg/_pitchGoal.py
Symlinking /home/milo/blue-meadow/farmsim_unity/ros/devel/lib/python2.7/dist-packages/control/msg/_surgeGoal.py
Symlinking /home/milo/blue-meadow/farmsim_unity/ros/devel/lib/python2.7/dist-packages/control/msg/_swayActionGoal.py
Symlinking /home/milo/blue-meadow/farmsim_unity/ros/devel/lib/python2.7/dist-packages/control/msg/_swayGoal.py
Symlinking /home/milo/blue-meadow/farmsim_unity/ros/devel/lib/python2.7/dist-packages/control/msg/_pitchActionFeedback.py
Symlinking /home/milo/blue-meadow/farmsim_unity/ros/devel/lib/python2.7/dist-packages/control/msg/_swayActionResult.py
Symlinking /home/milo/blue-meadow/farmsim_unity/ros/devel/lib/python2.7/dist-packages/control/msg/_surgeAction.py
Symlinking /home/milo/blue-meadow/farmsim_unity/ros/devel/lib/python2.7/dist-packages/control/msg/_surgeActionGoal.py
Symlinking /home/milo/blue-meadow/farmsim_unity/ros/devel/lib/python2.7/dist-packages/control/msg/_yawAction.py
Symlinking /home/milo/blue-meadow/farmsim_unity/ros/devel/lib/python2.7/dist-packages/control/msg/_surgeResult.py
Symlinking /home/milo/blue-meadow/farmsim_unity/ros/devel/lib/python2.7/dist-packages/control/msg/_swayResult.py
Symlinking /home/milo/blue-meadow/farmsim_unity/ros/devel/lib/python2.7/dist-packages/control/msg/_rollAction.py
Symlinking /home/milo/blue-meadow/farmsim_unity/ros/devel/lib/python2.7/dist-packages/control/msg/_heaveActionFeedback.py
Symlinking /home/milo/blue-meadow/farmsim_unity/ros/devel/lib/python2.7/dist-packages/control/msg/_heaveActionResult.py
Symlinking /home/milo/blue-meadow/farmsim_unity/ros/devel/lib/python2.7/dist-packages/control/msg/_heaveAction.py
Symlinking /home/milo/blue-meadow/farmsim_unity/ros/devel/lib/python2.7/dist-packages/control/msg/_yawActionResult.py
Symlinking /home/milo/blue-meadow/farmsim_unity/ros/devel/lib/python2.7/dist-packages/control/msg/_heaveActionGoal.py
Symlinking /home/milo/blue-meadow/farmsim_unity/ros/devel/lib/python2.7/dist-packages/control/msg/_swayFeedback.py
Symlinking /home/milo/blue-meadow/farmsim_unity/ros/devel/lib/python2.7/dist-packages/control/msg/_yawResult.py
Symlinking /home/milo/blue-meadow/farmsim_unity/ros/devel/lib/python2.7/dist-packages/control/msg/_rollGoal.py
Symlinking /home/milo/blue-meadow/farmsim_unity/ros/devel/lib/python2.7/dist-packages/control/msg/_thruster.py
Symlinking /home/milo/blue-meadow/farmsim_unity/ros/devel/lib/python2.7/dist-packages/control/msg/_pitchAction.py
Symlinking /home/milo/blue-meadow/farmsim_unity/ros/devel/lib/python2.7/dist-packages/control/msg/_swayAction.py
Symlinking /home/milo/blue-meadow/farmsim_unity/ros/devel/lib/python2.7/dist-packages/control/msg/_heaveGoal.py
Symlinking /home/milo/blue-meadow/farmsim_unity/ros/devel/lib/python2.7/dist-packages/control/msg/_rollActionResult.py
