Linked: (/home/milo/blue-meadow/farmsim_unity/ros/devel/.private/control/include/control/surgeActionResult.h, /home/milo/blue-meadow/farmsim_unity/ros/devel/include/control/surgeActionResult.h)
Linked: (/home/milo/blue-meadow/farmsim_unity/ros/devel/.private/control/include/control/swayActionFeedback.h, /home/milo/blue-meadow/farmsim_unity/ros/devel/include/control/swayActionFeedback.h)
Linked: (/home/milo/blue-meadow/farmsim_unity/ros/devel/.private/control/include/control/yawFeedback.h, /home/milo/blue-meadow/farmsim_unity/ros/devel/include/control/yawFeedback.h)
Linked: (/home/milo/blue-meadow/farmsim_unity/ros/devel/.private/control/include/control/swayActionGoal.h, /home/milo/blue-meadow/farmsim_unity/ros/devel/include/control/swayActionGoal.h)
Linked: (/home/milo/blue-meadow/farmsim_unity/ros/devel/.private/control/include/control/pitchActionGoal.h, /home/milo/blue-meadow/farmsim_unity/ros/devel/include/control/pitchActionGoal.h)
Linked: (/home/milo/blue-meadow/farmsim_unity/ros/devel/.private/control/include/control/TridentThrust.h, /home/milo/blue-meadow/farmsim_unity/ros/devel/include/control/TridentThrust.h)
Linked: (/home/milo/blue-meadow/farmsim_unity/ros/devel/.private/control/include/control/yawActionGoal.h, /home/milo/blue-meadow/farmsim_unity/ros/devel/include/control/yawActionGoal.h)
Linked: (/home/milo/blue-meadow/farmsim_unity/ros/devel/.private/control/include/control/surgeActionFeedback.h, /home/milo/blue-meadow/farmsim_unity/ros/devel/include/control/surgeActionFeedback.h)
Linked: (/home/milo/blue-meadow/farmsim_unity/ros/devel/.private/control/include/control/yawActionResult.h, /home/milo/blue-meadow/farmsim_unity/ros/devel/include/control/yawActionResult.h)
Linked: (/home/milo/blue-meadow/farmsim_unity/ros/devel/.private/control/include/control/rollFeedback.h, /home/milo/blue-meadow/farmsim_unity/ros/devel/include/control/rollFeedback.h)
Linked: (/home/milo/blue-meadow/farmsim_unity/ros/devel/.private/control/include/control/heaveGoal.h, /home/milo/blue-meadow/farmsim_unity/ros/devel/include/control/heaveGoal.h)
Linked: (/home/milo/blue-meadow/farmsim_unity/ros/devel/.private/control/include/control/rollResult.h, /home/milo/blue-meadow/farmsim_unity/ros/devel/include/control/rollResult.h)
Linked: (/home/milo/blue-meadow/farmsim_unity/ros/devel/.private/control/include/control/yawGoal.h, /home/milo/blue-meadow/farmsim_unity/ros/devel/include/control/yawGoal.h)
Linked: (/home/milo/blue-meadow/farmsim_unity/ros/devel/.private/control/include/control/heaveAction.h, /home/milo/blue-meadow/farmsim_unity/ros/devel/include/control/heaveAction.h)
Linked: (/home/milo/blue-meadow/farmsim_unity/ros/devel/.private/control/include/control/pitchFeedback.h, /home/milo/blue-meadow/farmsim_unity/ros/devel/include/control/pitchFeedback.h)
Linked: (/home/milo/blue-meadow/farmsim_unity/ros/devel/.private/control/include/control/surgeFeedback.h, /home/milo/blue-meadow/farmsim_unity/ros/devel/include/control/surgeFeedback.h)
Linked: (/home/milo/blue-meadow/farmsim_unity/ros/devel/.private/control/include/control/pitchResult.h, /home/milo/blue-meadow/farmsim_unity/ros/devel/include/control/pitchResult.h)
Linked: (/home/milo/blue-meadow/farmsim_unity/ros/devel/.private/control/include/control/swayActionResult.h, /home/milo/blue-meadow/farmsim_unity/ros/devel/include/control/swayActionResult.h)
Linked: (/home/milo/blue-meadow/farmsim_unity/ros/devel/.private/control/include/control/pitchActionResult.h, /home/milo/blue-meadow/farmsim_unity/ros/devel/include/control/pitchActionResult.h)
Linked: (/home/milo/blue-meadow/farmsim_unity/ros/devel/.private/control/include/control/rollAction.h, /home/milo/blue-meadow/farmsim_unity/ros/devel/include/control/rollAction.h)
Linked: (/home/milo/blue-meadow/farmsim_unity/ros/devel/.private/control/include/control/swayResult.h, /home/milo/blue-meadow/farmsim_unity/ros/devel/include/control/swayResult.h)
Linked: (/home/milo/blue-meadow/farmsim_unity/ros/devel/.private/control/include/control/heaveActionFeedback.h, /home/milo/blue-meadow/farmsim_unity/ros/devel/include/control/heaveActionFeedback.h)
Linked: (/home/milo/blue-meadow/farmsim_unity/ros/devel/.private/control/include/control/swayAction.h, /home/milo/blue-meadow/farmsim_unity/ros/devel/include/control/swayAction.h)
Linked: (/home/milo/blue-meadow/farmsim_unity/ros/devel/.private/control/include/control/heaveFeedback.h, /home/milo/blue-meadow/farmsim_unity/ros/devel/include/control/heaveFeedback.h)
Linked: (/home/milo/blue-meadow/farmsim_unity/ros/devel/.private/control/include/control/heaveActionResult.h, /home/milo/blue-meadow/farmsim_unity/ros/devel/include/control/heaveActionResult.h)
Linked: (/home/milo/blue-meadow/farmsim_unity/ros/devel/.private/control/include/control/pitchAction.h, /home/milo/blue-meadow/farmsim_unity/ros/devel/include/control/pitchAction.h)
Linked: (/home/milo/blue-meadow/farmsim_unity/ros/devel/.private/control/include/control/thrusterConfig.h, /home/milo/blue-meadow/farmsim_unity/ros/devel/include/control/thrusterConfig.h)
Linked: (/home/milo/blue-meadow/farmsim_unity/ros/devel/.private/control/include/control/pitchGoal.h, /home/milo/blue-meadow/farmsim_unity/ros/devel/include/control/pitchGoal.h)
Linked: (/home/milo/blue-meadow/farmsim_unity/ros/devel/.private/control/include/control/surgeGoal.h, /home/milo/blue-meadow/farmsim_unity/ros/devel/include/control/surgeGoal.h)
Linked: (/home/milo/blue-meadow/farmsim_unity/ros/devel/.private/control/include/control/rollActionFeedback.h, /home/milo/blue-meadow/farmsim_unity/ros/devel/include/control/rollActionFeedback.h)
Linked: (/home/milo/blue-meadow/farmsim_unity/ros/devel/.private/control/include/control/surgeAction.h, /home/milo/blue-meadow/farmsim_unity/ros/devel/include/control/surgeAction.h)
Linked: (/home/milo/blue-meadow/farmsim_unity/ros/devel/.private/control/include/control/pitchActionFeedback.h, /home/milo/blue-meadow/farmsim_unity/ros/devel/include/control/pitchActionFeedback.h)
Linked: (/home/milo/blue-meadow/farmsim_unity/ros/devel/.private/control/include/control/heaveResult.h, /home/milo/blue-meadow/farmsim_unity/ros/devel/include/control/heaveResult.h)
Linked: (/home/milo/blue-meadow/farmsim_unity/ros/devel/.private/control/include/control/yawActionFeedback.h, /home/milo/blue-meadow/farmsim_unity/ros/devel/include/control/yawActionFeedback.h)
Linked: (/home/milo/blue-meadow/farmsim_unity/ros/devel/.private/control/include/control/heaveActionGoal.h, /home/milo/blue-meadow/farmsim_unity/ros/devel/include/control/heaveActionGoal.h)
Linked: (/home/milo/blue-meadow/farmsim_unity/ros/devel/.private/control/include/control/yawResult.h, /home/milo/blue-meadow/farmsim_unity/ros/devel/include/control/yawResult.h)
Linked: (/home/milo/blue-meadow/farmsim_unity/ros/devel/.private/control/include/control/rollActionGoal.h, /home/milo/blue-meadow/farmsim_unity/ros/devel/include/control/rollActionGoal.h)
Linked: (/home/milo/blue-meadow/farmsim_unity/ros/devel/.private/control/include/control/thruster.h, /home/milo/blue-meadow/farmsim_unity/ros/devel/include/control/thruster.h)
Linked: (/home/milo/blue-meadow/farmsim_unity/ros/devel/.private/control/include/control/surgeResult.h, /home/milo/blue-meadow/farmsim_unity/ros/devel/include/control/surgeResult.h)
Linked: (/home/milo/blue-meadow/farmsim_unity/ros/devel/.private/control/include/control/surgeActionGoal.h, /home/milo/blue-meadow/farmsim_unity/ros/devel/include/control/surgeActionGoal.h)
Linked: (/home/milo/blue-meadow/farmsim_unity/ros/devel/.private/control/include/control/rollGoal.h, /home/milo/blue-meadow/farmsim_unity/ros/devel/include/control/rollGoal.h)
Linked: (/home/milo/blue-meadow/farmsim_unity/ros/devel/.private/control/include/control/swayFeedback.h, /home/milo/blue-meadow/farmsim_unity/ros/devel/include/control/swayFeedback.h)
Linked: (/home/milo/blue-meadow/farmsim_unity/ros/devel/.private/control/include/control/swayGoal.h, /home/milo/blue-meadow/farmsim_unity/ros/devel/include/control/swayGoal.h)
Linked: (/home/milo/blue-meadow/farmsim_unity/ros/devel/.private/control/include/control/yawAction.h, /home/milo/blue-meadow/farmsim_unity/ros/devel/include/control/yawAction.h)
Linked: (/home/milo/blue-meadow/farmsim_unity/ros/devel/.private/control/include/control/rollActionResult.h, /home/milo/blue-meadow/farmsim_unity/ros/devel/include/control/rollActionResult.h)
Linked: (/home/milo/blue-meadow/farmsim_unity/ros/devel/.private/control/share/gennodejs/ros/control/_index.js, /home/milo/blue-meadow/farmsim_unity/ros/devel/share/gennodejs/ros/control/_index.js)
Linked: (/home/milo/blue-meadow/farmsim_unity/ros/devel/.private/control/share/gennodejs/ros/control/msg/yawGoal.js, /home/milo/blue-meadow/farmsim_unity/ros/devel/share/gennodejs/ros/control/msg/yawGoal.js)
Linked: (/home/milo/blue-meadow/farmsim_unity/ros/devel/.private/control/share/gennodejs/ros/control/msg/yawFeedback.js, /home/milo/blue-meadow/farmsim_unity/ros/devel/share/gennodejs/ros/control/msg/yawFeedback.js)
Linked: (/home/milo/blue-meadow/farmsim_unity/ros/devel/.private/control/share/gennodejs/ros/control/msg/rollActionFeedback.js, /home/milo/blue-meadow/farmsim_unity/ros/devel/share/gennodejs/ros/control/msg/rollActionFeedback.js)
Linked: (/home/milo/blue-meadow/farmsim_unity/ros/devel/.private/control/share/gennodejs/ros/control/msg/pitchActionFeedback.js, /home/milo/blue-meadow/farmsim_unity/ros/devel/share/gennodejs/ros/control/msg/pitchActionFeedback.js)
Linked: (/home/milo/blue-meadow/farmsim_unity/ros/devel/.private/control/share/gennodejs/ros/control/msg/heaveActionGoal.js, /home/milo/blue-meadow/farmsim_unity/ros/devel/share/gennodejs/ros/control/msg/heaveActionGoal.js)
Linked: (/home/milo/blue-meadow/farmsim_unity/ros/devel/.private/control/share/gennodejs/ros/control/msg/heaveFeedback.js, /home/milo/blue-meadow/farmsim_unity/ros/devel/share/gennodejs/ros/control/msg/heaveFeedback.js)
Linked: (/home/milo/blue-meadow/farmsim_unity/ros/devel/.private/control/share/gennodejs/ros/control/msg/rollActionResult.js, /home/milo/blue-meadow/farmsim_unity/ros/devel/share/gennodejs/ros/control/msg/rollActionResult.js)
Linked: (/home/milo/blue-meadow/farmsim_unity/ros/devel/.private/control/share/gennodejs/ros/control/msg/surgeAction.js, /home/milo/blue-meadow/farmsim_unity/ros/devel/share/gennodejs/ros/control/msg/surgeAction.js)
Linked: (/home/milo/blue-meadow/farmsim_unity/ros/devel/.private/control/share/gennodejs/ros/control/msg/swayResult.js, /home/milo/blue-meadow/farmsim_unity/ros/devel/share/gennodejs/ros/control/msg/swayResult.js)
Linked: (/home/milo/blue-meadow/farmsim_unity/ros/devel/.private/control/share/gennodejs/ros/control/msg/surgeActionFeedback.js, /home/milo/blue-meadow/farmsim_unity/ros/devel/share/gennodejs/ros/control/msg/surgeActionFeedback.js)
Linked: (/home/milo/blue-meadow/farmsim_unity/ros/devel/.private/control/share/gennodejs/ros/control/msg/yawActionFeedback.js, /home/milo/blue-meadow/farmsim_unity/ros/devel/share/gennodejs/ros/control/msg/yawActionFeedback.js)
Linked: (/home/milo/blue-meadow/farmsim_unity/ros/devel/.private/control/share/gennodejs/ros/control/msg/heaveAction.js, /home/milo/blue-meadow/farmsim_unity/ros/devel/share/gennodejs/ros/control/msg/heaveAction.js)
Linked: (/home/milo/blue-meadow/farmsim_unity/ros/devel/.private/control/share/gennodejs/ros/control/msg/rollGoal.js, /home/milo/blue-meadow/farmsim_unity/ros/devel/share/gennodejs/ros/control/msg/rollGoal.js)
Linked: (/home/milo/blue-meadow/farmsim_unity/ros/devel/.private/control/share/gennodejs/ros/control/msg/rollActionGoal.js, /home/milo/blue-meadow/farmsim_unity/ros/devel/share/gennodejs/ros/control/msg/rollActionGoal.js)
Linked: (/home/milo/blue-meadow/farmsim_unity/ros/devel/.private/control/share/gennodejs/ros/control/msg/rollFeedback.js, /home/milo/blue-meadow/farmsim_unity/ros/devel/share/gennodejs/ros/control/msg/rollFeedback.js)
Linked: (/home/milo/blue-meadow/farmsim_unity/ros/devel/.private/control/share/gennodejs/ros/control/msg/surgeActionResult.js, /home/milo/blue-meadow/farmsim_unity/ros/devel/share/gennodejs/ros/control/msg/surgeActionResult.js)
Linked: (/home/milo/blue-meadow/farmsim_unity/ros/devel/.private/control/share/gennodejs/ros/control/msg/_index.js, /home/milo/blue-meadow/farmsim_unity/ros/devel/share/gennodejs/ros/control/msg/_index.js)
Linked: (/home/milo/blue-meadow/farmsim_unity/ros/devel/.private/control/share/gennodejs/ros/control/msg/swayActionGoal.js, /home/milo/blue-meadow/farmsim_unity/ros/devel/share/gennodejs/ros/control/msg/swayActionGoal.js)
Linked: (/home/milo/blue-meadow/farmsim_unity/ros/devel/.private/control/share/gennodejs/ros/control/msg/pitchActionGoal.js, /home/milo/blue-meadow/farmsim_unity/ros/devel/share/gennodejs/ros/control/msg/pitchActionGoal.js)
Linked: (/home/milo/blue-meadow/farmsim_unity/ros/devel/.private/control/share/gennodejs/ros/control/msg/rollResult.js, /home/milo/blue-meadow/farmsim_unity/ros/devel/share/gennodejs/ros/control/msg/rollResult.js)
Linked: (/home/milo/blue-meadow/farmsim_unity/ros/devel/.private/control/share/gennodejs/ros/control/msg/swayFeedback.js, /home/milo/blue-meadow/farmsim_unity/ros/devel/share/gennodejs/ros/control/msg/swayFeedback.js)
Linked: (/home/milo/blue-meadow/farmsim_unity/ros/devel/.private/control/share/gennodejs/ros/control/msg/swayActionFeedback.js, /home/milo/blue-meadow/farmsim_unity/ros/devel/share/gennodejs/ros/control/msg/swayActionFeedback.js)
Linked: (/home/milo/blue-meadow/farmsim_unity/ros/devel/.private/control/share/gennodejs/ros/control/msg/swayActionResult.js, /home/milo/blue-meadow/farmsim_unity/ros/devel/share/gennodejs/ros/control/msg/swayActionResult.js)
Linked: (/home/milo/blue-meadow/farmsim_unity/ros/devel/.private/control/share/gennodejs/ros/control/msg/heaveResult.js, /home/milo/blue-meadow/farmsim_unity/ros/devel/share/gennodejs/ros/control/msg/heaveResult.js)
Linked: (/home/milo/blue-meadow/farmsim_unity/ros/devel/.private/control/share/gennodejs/ros/control/msg/pitchAction.js, /home/milo/blue-meadow/farmsim_unity/ros/devel/share/gennodejs/ros/control/msg/pitchAction.js)
Linked: (/home/milo/blue-meadow/farmsim_unity/ros/devel/.private/control/share/gennodejs/ros/control/msg/surgeFeedback.js, /home/milo/blue-meadow/farmsim_unity/ros/devel/share/gennodejs/ros/control/msg/surgeFeedback.js)
Linked: (/home/milo/blue-meadow/farmsim_unity/ros/devel/.private/control/share/gennodejs/ros/control/msg/yawActionGoal.js, /home/milo/blue-meadow/farmsim_unity/ros/devel/share/gennodejs/ros/control/msg/yawActionGoal.js)
Linked: (/home/milo/blue-meadow/farmsim_unity/ros/devel/.private/control/share/gennodejs/ros/control/msg/pitchFeedback.js, /home/milo/blue-meadow/farmsim_unity/ros/devel/share/gennodejs/ros/control/msg/pitchFeedback.js)
Linked: (/home/milo/blue-meadow/farmsim_unity/ros/devel/.private/control/share/gennodejs/ros/control/msg/TridentThrust.js, /home/milo/blue-meadow/farmsim_unity/ros/devel/share/gennodejs/ros/control/msg/TridentThrust.js)
Linked: (/home/milo/blue-meadow/farmsim_unity/ros/devel/.private/control/share/gennodejs/ros/control/msg/yawResult.js, /home/milo/blue-meadow/farmsim_unity/ros/devel/share/gennodejs/ros/control/msg/yawResult.js)
Linked: (/home/milo/blue-meadow/farmsim_unity/ros/devel/.private/control/share/gennodejs/ros/control/msg/thruster.js, /home/milo/blue-meadow/farmsim_unity/ros/devel/share/gennodejs/ros/control/msg/thruster.js)
Linked: (/home/milo/blue-meadow/farmsim_unity/ros/devel/.private/control/share/gennodejs/ros/control/msg/swayAction.js, /home/milo/blue-meadow/farmsim_unity/ros/devel/share/gennodejs/ros/control/msg/swayAction.js)
Linked: (/home/milo/blue-meadow/farmsim_unity/ros/devel/.private/control/share/gennodejs/ros/control/msg/pitchResult.js, /home/milo/blue-meadow/farmsim_unity/ros/devel/share/gennodejs/ros/control/msg/pitchResult.js)
Linked: (/home/milo/blue-meadow/farmsim_unity/ros/devel/.private/control/share/gennodejs/ros/control/msg/yawAction.js, /home/milo/blue-meadow/farmsim_unity/ros/devel/share/gennodejs/ros/control/msg/yawAction.js)
Linked: (/home/milo/blue-meadow/farmsim_unity/ros/devel/.private/control/share/gennodejs/ros/control/msg/pitchActionResult.js, /home/milo/blue-meadow/farmsim_unity/ros/devel/share/gennodejs/ros/control/msg/pitchActionResult.js)
Linked: (/home/milo/blue-meadow/farmsim_unity/ros/devel/.private/control/share/gennodejs/ros/control/msg/heaveActionFeedback.js, /home/milo/blue-meadow/farmsim_unity/ros/devel/share/gennodejs/ros/control/msg/heaveActionFeedback.js)
Linked: (/home/milo/blue-meadow/farmsim_unity/ros/devel/.private/control/share/gennodejs/ros/control/msg/pitchGoal.js, /home/milo/blue-meadow/farmsim_unity/ros/devel/share/gennodejs/ros/control/msg/pitchGoal.js)
Linked: (/home/milo/blue-meadow/farmsim_unity/ros/devel/.private/control/share/gennodejs/ros/control/msg/swayGoal.js, /home/milo/blue-meadow/farmsim_unity/ros/devel/share/gennodejs/ros/control/msg/swayGoal.js)
Linked: (/home/milo/blue-meadow/farmsim_unity/ros/devel/.private/control/share/gennodejs/ros/control/msg/yawActionResult.js, /home/milo/blue-meadow/farmsim_unity/ros/devel/share/gennodejs/ros/control/msg/yawActionResult.js)
Linked: (/home/milo/blue-meadow/farmsim_unity/ros/devel/.private/control/share/gennodejs/ros/control/msg/surgeResult.js, /home/milo/blue-meadow/farmsim_unity/ros/devel/share/gennodejs/ros/control/msg/surgeResult.js)
Linked: (/home/milo/blue-meadow/farmsim_unity/ros/devel/.private/control/share/gennodejs/ros/control/msg/surgeActionGoal.js, /home/milo/blue-meadow/farmsim_unity/ros/devel/share/gennodejs/ros/control/msg/surgeActionGoal.js)
Linked: (/home/milo/blue-meadow/farmsim_unity/ros/devel/.private/control/share/gennodejs/ros/control/msg/heaveGoal.js, /home/milo/blue-meadow/farmsim_unity/ros/devel/share/gennodejs/ros/control/msg/heaveGoal.js)
Linked: (/home/milo/blue-meadow/farmsim_unity/ros/devel/.private/control/share/gennodejs/ros/control/msg/heaveActionResult.js, /home/milo/blue-meadow/farmsim_unity/ros/devel/share/gennodejs/ros/control/msg/heaveActionResult.js)
Linked: (/home/milo/blue-meadow/farmsim_unity/ros/devel/.private/control/share/gennodejs/ros/control/msg/surgeGoal.js, /home/milo/blue-meadow/farmsim_unity/ros/devel/share/gennodejs/ros/control/msg/surgeGoal.js)
Linked: (/home/milo/blue-meadow/farmsim_unity/ros/devel/.private/control/share/gennodejs/ros/control/msg/rollAction.js, /home/milo/blue-meadow/farmsim_unity/ros/devel/share/gennodejs/ros/control/msg/rollAction.js)
Linked: (/home/milo/blue-meadow/farmsim_unity/ros/devel/.private/control/share/control/cmake/control-msg-extras.cmake, /home/milo/blue-meadow/farmsim_unity/ros/devel/share/control/cmake/control-msg-extras.cmake)
Linked: (/home/milo/blue-meadow/farmsim_unity/ros/devel/.private/control/share/control/cmake/controlConfig-version.cmake, /home/milo/blue-meadow/farmsim_unity/ros/devel/share/control/cmake/controlConfig-version.cmake)
Linked: (/home/milo/blue-meadow/farmsim_unity/ros/devel/.private/control/share/control/cmake/controlConfig.cmake, /home/milo/blue-meadow/farmsim_unity/ros/devel/share/control/cmake/controlConfig.cmake)
Linked: (/home/milo/blue-meadow/farmsim_unity/ros/devel/.private/control/share/control/cmake/control-msg-paths.cmake, /home/milo/blue-meadow/farmsim_unity/ros/devel/share/control/cmake/control-msg-paths.cmake)
Linked: (/home/milo/blue-meadow/farmsim_unity/ros/devel/.private/control/share/control/msg/heaveActionFeedback.msg, /home/milo/blue-meadow/farmsim_unity/ros/devel/share/control/msg/heaveActionFeedback.msg)
Linked: (/home/milo/blue-meadow/farmsim_unity/ros/devel/.private/control/share/control/msg/swayActionGoal.msg, /home/milo/blue-meadow/farmsim_unity/ros/devel/share/control/msg/swayActionGoal.msg)
Linked: (/home/milo/blue-meadow/farmsim_unity/ros/devel/.private/control/share/control/msg/heaveFeedback.msg, /home/milo/blue-meadow/farmsim_unity/ros/devel/share/control/msg/heaveFeedback.msg)
Linked: (/home/milo/blue-meadow/farmsim_unity/ros/devel/.private/control/share/control/msg/swayAction.msg, /home/milo/blue-meadow/farmsim_unity/ros/devel/share/control/msg/swayAction.msg)
Linked: (/home/milo/blue-meadow/farmsim_unity/ros/devel/.private/control/share/control/msg/pitchAction.msg, /home/milo/blue-meadow/farmsim_unity/ros/devel/share/control/msg/pitchAction.msg)
Linked: (/home/milo/blue-meadow/farmsim_unity/ros/devel/.private/control/share/control/msg/surgeGoal.msg, /home/milo/blue-meadow/farmsim_unity/ros/devel/share/control/msg/surgeGoal.msg)
Linked: (/home/milo/blue-meadow/farmsim_unity/ros/devel/.private/control/share/control/msg/swayActionResult.msg, /home/milo/blue-meadow/farmsim_unity/ros/devel/share/control/msg/swayActionResult.msg)
Linked: (/home/milo/blue-meadow/farmsim_unity/ros/devel/.private/control/share/control/msg/pitchFeedback.msg, /home/milo/blue-meadow/farmsim_unity/ros/devel/share/control/msg/pitchFeedback.msg)
Linked: (/home/milo/blue-meadow/farmsim_unity/ros/devel/.private/control/share/control/msg/swayGoal.msg, /home/milo/blue-meadow/farmsim_unity/ros/devel/share/control/msg/swayGoal.msg)
Linked: (/home/milo/blue-meadow/farmsim_unity/ros/devel/.private/control/share/control/msg/heaveGoal.msg, /home/milo/blue-meadow/farmsim_unity/ros/devel/share/control/msg/heaveGoal.msg)
Linked: (/home/milo/blue-meadow/farmsim_unity/ros/devel/.private/control/share/control/msg/pitchGoal.msg, /home/milo/blue-meadow/farmsim_unity/ros/devel/share/control/msg/pitchGoal.msg)
Linked: (/home/milo/blue-meadow/farmsim_unity/ros/devel/.private/control/share/control/msg/rollActionResult.msg, /home/milo/blue-meadow/farmsim_unity/ros/devel/share/control/msg/rollActionResult.msg)
Linked: (/home/milo/blue-meadow/farmsim_unity/ros/devel/.private/control/share/control/msg/yawGoal.msg, /home/milo/blue-meadow/farmsim_unity/ros/devel/share/control/msg/yawGoal.msg)
Linked: (/home/milo/blue-meadow/farmsim_unity/ros/devel/.private/control/share/control/msg/surgeFeedback.msg, /home/milo/blue-meadow/farmsim_unity/ros/devel/share/control/msg/surgeFeedback.msg)
Linked: (/home/milo/blue-meadow/farmsim_unity/ros/devel/.private/control/share/control/msg/yawResult.msg, /home/milo/blue-meadow/farmsim_unity/ros/devel/share/control/msg/yawResult.msg)
Linked: (/home/milo/blue-meadow/farmsim_unity/ros/devel/.private/control/share/control/msg/heaveActionGoal.msg, /home/milo/blue-meadow/farmsim_unity/ros/devel/share/control/msg/heaveActionGoal.msg)
Linked: (/home/milo/blue-meadow/farmsim_unity/ros/devel/.private/control/share/control/msg/rollAction.msg, /home/milo/blue-meadow/farmsim_unity/ros/devel/share/control/msg/rollAction.msg)
Linked: (/home/milo/blue-meadow/farmsim_unity/ros/devel/.private/control/share/control/msg/rollResult.msg, /home/milo/blue-meadow/farmsim_unity/ros/devel/share/control/msg/rollResult.msg)
Linked: (/home/milo/blue-meadow/farmsim_unity/ros/devel/.private/control/share/control/msg/pitchActionGoal.msg, /home/milo/blue-meadow/farmsim_unity/ros/devel/share/control/msg/pitchActionGoal.msg)
Linked: (/home/milo/blue-meadow/farmsim_unity/ros/devel/.private/control/share/control/msg/swayActionFeedback.msg, /home/milo/blue-meadow/farmsim_unity/ros/devel/share/control/msg/swayActionFeedback.msg)
Linked: (/home/milo/blue-meadow/farmsim_unity/ros/devel/.private/control/share/control/msg/swayFeedback.msg, /home/milo/blue-meadow/farmsim_unity/ros/devel/share/control/msg/swayFeedback.msg)
Linked: (/home/milo/blue-meadow/farmsim_unity/ros/devel/.private/control/share/control/msg/heaveActionResult.msg, /home/milo/blue-meadow/farmsim_unity/ros/devel/share/control/msg/heaveActionResult.msg)
Linked: (/home/milo/blue-meadow/farmsim_unity/ros/devel/.private/control/share/control/msg/surgeResult.msg, /home/milo/blue-meadow/farmsim_unity/ros/devel/share/control/msg/surgeResult.msg)
Linked: (/home/milo/blue-meadow/farmsim_unity/ros/devel/.private/control/share/control/msg/pitchActionResult.msg, /home/milo/blue-meadow/farmsim_unity/ros/devel/share/control/msg/pitchActionResult.msg)
Linked: (/home/milo/blue-meadow/farmsim_unity/ros/devel/.private/control/share/control/msg/rollActionFeedback.msg, /home/milo/blue-meadow/farmsim_unity/ros/devel/share/control/msg/rollActionFeedback.msg)
Linked: (/home/milo/blue-meadow/farmsim_unity/ros/devel/.private/control/share/control/msg/rollGoal.msg, /home/milo/blue-meadow/farmsim_unity/ros/devel/share/control/msg/rollGoal.msg)
Linked: (/home/milo/blue-meadow/farmsim_unity/ros/devel/.private/control/share/control/msg/yawActionGoal.msg, /home/milo/blue-meadow/farmsim_unity/ros/devel/share/control/msg/yawActionGoal.msg)
Linked: (/home/milo/blue-meadow/farmsim_unity/ros/devel/.private/control/share/control/msg/yawFeedback.msg, /home/milo/blue-meadow/farmsim_unity/ros/devel/share/control/msg/yawFeedback.msg)
Linked: (/home/milo/blue-meadow/farmsim_unity/ros/devel/.private/control/share/control/msg/yawActionResult.msg, /home/milo/blue-meadow/farmsim_unity/ros/devel/share/control/msg/yawActionResult.msg)
Linked: (/home/milo/blue-meadow/farmsim_unity/ros/devel/.private/control/share/control/msg/heaveResult.msg, /home/milo/blue-meadow/farmsim_unity/ros/devel/share/control/msg/heaveResult.msg)
Linked: (/home/milo/blue-meadow/farmsim_unity/ros/devel/.private/control/share/control/msg/yawActionFeedback.msg, /home/milo/blue-meadow/farmsim_unity/ros/devel/share/control/msg/yawActionFeedback.msg)
Linked: (/home/milo/blue-meadow/farmsim_unity/ros/devel/.private/control/share/control/msg/swayResult.msg, /home/milo/blue-meadow/farmsim_unity/ros/devel/share/control/msg/swayResult.msg)
Linked: (/home/milo/blue-meadow/farmsim_unity/ros/devel/.private/control/share/control/msg/surgeActionFeedback.msg, /home/milo/blue-meadow/farmsim_unity/ros/devel/share/control/msg/surgeActionFeedback.msg)
Linked: (/home/milo/blue-meadow/farmsim_unity/ros/devel/.private/control/share/control/msg/rollActionGoal.msg, /home/milo/blue-meadow/farmsim_unity/ros/devel/share/control/msg/rollActionGoal.msg)
Linked: (/home/milo/blue-meadow/farmsim_unity/ros/devel/.private/control/share/control/msg/surgeActionGoal.msg, /home/milo/blue-meadow/farmsim_unity/ros/devel/share/control/msg/surgeActionGoal.msg)
Linked: (/home/milo/blue-meadow/farmsim_unity/ros/devel/.private/control/share/control/msg/surgeAction.msg, /home/milo/blue-meadow/farmsim_unity/ros/devel/share/control/msg/surgeAction.msg)
Linked: (/home/milo/blue-meadow/farmsim_unity/ros/devel/.private/control/share/control/msg/surgeActionResult.msg, /home/milo/blue-meadow/farmsim_unity/ros/devel/share/control/msg/surgeActionResult.msg)
Linked: (/home/milo/blue-meadow/farmsim_unity/ros/devel/.private/control/share/control/msg/pitchActionFeedback.msg, /home/milo/blue-meadow/farmsim_unity/ros/devel/share/control/msg/pitchActionFeedback.msg)
Linked: (/home/milo/blue-meadow/farmsim_unity/ros/devel/.private/control/share/control/msg/heaveAction.msg, /home/milo/blue-meadow/farmsim_unity/ros/devel/share/control/msg/heaveAction.msg)
Linked: (/home/milo/blue-meadow/farmsim_unity/ros/devel/.private/control/share/control/msg/pitchResult.msg, /home/milo/blue-meadow/farmsim_unity/ros/devel/share/control/msg/pitchResult.msg)
Linked: (/home/milo/blue-meadow/farmsim_unity/ros/devel/.private/control/share/control/msg/yawAction.msg, /home/milo/blue-meadow/farmsim_unity/ros/devel/share/control/msg/yawAction.msg)
Linked: (/home/milo/blue-meadow/farmsim_unity/ros/devel/.private/control/share/control/msg/rollFeedback.msg, /home/milo/blue-meadow/farmsim_unity/ros/devel/share/control/msg/rollFeedback.msg)
Linked: (/home/milo/blue-meadow/farmsim_unity/ros/devel/.private/control/share/control/docs/thrusterConfig-usage.dox, /home/milo/blue-meadow/farmsim_unity/ros/devel/share/control/docs/thrusterConfig-usage.dox)
Linked: (/home/milo/blue-meadow/farmsim_unity/ros/devel/.private/control/share/control/docs/thrusterConfig.dox, /home/milo/blue-meadow/farmsim_unity/ros/devel/share/control/docs/thrusterConfig.dox)
Linked: (/home/milo/blue-meadow/farmsim_unity/ros/devel/.private/control/share/control/docs/thrusterConfig.wikidoc, /home/milo/blue-meadow/farmsim_unity/ros/devel/share/control/docs/thrusterConfig.wikidoc)
Linked: (/home/milo/blue-meadow/farmsim_unity/ros/devel/.private/control/share/common-lisp/ros/control/msg/_package_pitchActionResult.lisp, /home/milo/blue-meadow/farmsim_unity/ros/devel/share/common-lisp/ros/control/msg/_package_pitchActionResult.lisp)
Linked: (/home/milo/blue-meadow/farmsim_unity/ros/devel/.private/control/share/common-lisp/ros/control/msg/heaveAction.lisp, /home/milo/blue-meadow/farmsim_unity/ros/devel/share/common-lisp/ros/control/msg/heaveAction.lisp)
Linked: (/home/milo/blue-meadow/farmsim_unity/ros/devel/.private/control/share/common-lisp/ros/control/msg/_package_swayActionFeedback.lisp, /home/milo/blue-meadow/farmsim_unity/ros/devel/share/common-lisp/ros/control/msg/_package_swayActionFeedback.lisp)
Linked: (/home/milo/blue-meadow/farmsim_unity/ros/devel/.private/control/share/common-lisp/ros/control/msg/yawActionResult.lisp, /home/milo/blue-meadow/farmsim_unity/ros/devel/share/common-lisp/ros/control/msg/yawActionResult.lisp)
Linked: (/home/milo/blue-meadow/farmsim_unity/ros/devel/.private/control/share/common-lisp/ros/control/msg/_package_surgeActionFeedback.lisp, /home/milo/blue-meadow/farmsim_unity/ros/devel/share/common-lisp/ros/control/msg/_package_surgeActionFeedback.lisp)
Linked: (/home/milo/blue-meadow/farmsim_unity/ros/devel/.private/control/share/common-lisp/ros/control/msg/swayActionGoal.lisp, /home/milo/blue-meadow/farmsim_unity/ros/devel/share/common-lisp/ros/control/msg/swayActionGoal.lisp)
Linked: (/home/milo/blue-meadow/farmsim_unity/ros/devel/.private/control/share/common-lisp/ros/control/msg/_package_heaveResult.lisp, /home/milo/blue-meadow/farmsim_unity/ros/devel/share/common-lisp/ros/control/msg/_package_heaveResult.lisp)
Linked: (/home/milo/blue-meadow/farmsim_unity/ros/devel/.private/control/share/common-lisp/ros/control/msg/pitchActionFeedback.lisp, /home/milo/blue-meadow/farmsim_unity/ros/devel/share/common-lisp/ros/control/msg/pitchActionFeedback.lisp)
Linked: (/home/milo/blue-meadow/farmsim_unity/ros/devel/.private/control/share/common-lisp/ros/control/msg/swayActionResult.lisp, /home/milo/blue-meadow/farmsim_unity/ros/devel/share/common-lisp/ros/control/msg/swayActionResult.lisp)
Linked: (/home/milo/blue-meadow/farmsim_unity/ros/devel/.private/control/share/common-lisp/ros/control/msg/_package_surgeResult.lisp, /home/milo/blue-meadow/farmsim_unity/ros/devel/share/common-lisp/ros/control/msg/_package_surgeResult.lisp)
Linked: (/home/milo/blue-meadow/farmsim_unity/ros/devel/.private/control/share/common-lisp/ros/control/msg/_package_heaveFeedback.lisp, /home/milo/blue-meadow/farmsim_unity/ros/devel/share/common-lisp/ros/control/msg/_package_heaveFeedback.lisp)
Linked: (/home/milo/blue-meadow/farmsim_unity/ros/devel/.private/control/share/common-lisp/ros/control/msg/_package_heaveGoal.lisp, /home/milo/blue-meadow/farmsim_unity/ros/devel/share/common-lisp/ros/control/msg/_package_heaveGoal.lisp)
Linked: (/home/milo/blue-meadow/farmsim_unity/ros/devel/.private/control/share/common-lisp/ros/control/msg/_package_pitchActionGoal.lisp, /home/milo/blue-meadow/farmsim_unity/ros/devel/share/common-lisp/ros/control/msg/_package_pitchActionGoal.lisp)
Linked: (/home/milo/blue-meadow/farmsim_unity/ros/devel/.private/control/share/common-lisp/ros/control/msg/_package_rollActionResult.lisp, /home/milo/blue-meadow/farmsim_unity/ros/devel/share/common-lisp/ros/control/msg/_package_rollActionResult.lisp)
Linked: (/home/milo/blue-meadow/farmsim_unity/ros/devel/.private/control/share/common-lisp/ros/control/msg/_package_rollFeedback.lisp, /home/milo/blue-meadow/farmsim_unity/ros/devel/share/common-lisp/ros/control/msg/_package_rollFeedback.lisp)
Linked: (/home/milo/blue-meadow/farmsim_unity/ros/devel/.private/control/share/common-lisp/ros/control/msg/heaveActionResult.lisp, /home/milo/blue-meadow/farmsim_unity/ros/devel/share/common-lisp/ros/control/msg/heaveActionResult.lisp)
Linked: (/home/milo/blue-meadow/farmsim_unity/ros/devel/.private/control/share/common-lisp/ros/control/msg/_package_surgeActionResult.lisp, /home/milo/blue-meadow/farmsim_unity/ros/devel/share/common-lisp/ros/control/msg/_package_surgeActionResult.lisp)
Linked: (/home/milo/blue-meadow/farmsim_unity/ros/devel/.private/control/share/common-lisp/ros/control/msg/pitchGoal.lisp, /home/milo/blue-meadow/farmsim_unity/ros/devel/share/common-lisp/ros/control/msg/pitchGoal.lisp)
Linked: (/home/milo/blue-meadow/farmsim_unity/ros/devel/.private/control/share/common-lisp/ros/control/msg/_package_TridentThrust.lisp, /home/milo/blue-meadow/farmsim_unity/ros/devel/share/common-lisp/ros/control/msg/_package_TridentThrust.lisp)
Linked: (/home/milo/blue-meadow/farmsim_unity/ros/devel/.private/control/share/common-lisp/ros/control/msg/_package_pitchActionFeedback.lisp, /home/milo/blue-meadow/farmsim_unity/ros/devel/share/common-lisp/ros/control/msg/_package_pitchActionFeedback.lisp)
Linked: (/home/milo/blue-meadow/farmsim_unity/ros/devel/.private/control/share/common-lisp/ros/control/msg/surgeFeedback.lisp, /home/milo/blue-meadow/farmsim_unity/ros/devel/share/common-lisp/ros/control/msg/surgeFeedback.lisp)
Linked: (/home/milo/blue-meadow/farmsim_unity/ros/devel/.private/control/share/common-lisp/ros/control/msg/rollActionFeedback.lisp, /home/milo/blue-meadow/farmsim_unity/ros/devel/share/common-lisp/ros/control/msg/rollActionFeedback.lisp)
Linked: (/home/milo/blue-meadow/farmsim_unity/ros/devel/.private/control/share/common-lisp/ros/control/msg/rollResult.lisp, /home/milo/blue-meadow/farmsim_unity/ros/devel/share/common-lisp/ros/control/msg/rollResult.lisp)
Linked: (/home/milo/blue-meadow/farmsim_unity/ros/devel/.private/control/share/common-lisp/ros/control/msg/heaveActionGoal.lisp, /home/milo/blue-meadow/farmsim_unity/ros/devel/share/common-lisp/ros/control/msg/heaveActionGoal.lisp)
Linked: (/home/milo/blue-meadow/farmsim_unity/ros/devel/.private/control/share/common-lisp/ros/control/msg/swayActionFeedback.lisp, /home/milo/blue-meadow/farmsim_unity/ros/devel/share/common-lisp/ros/control/msg/swayActionFeedback.lisp)
Linked: (/home/milo/blue-meadow/farmsim_unity/ros/devel/.private/control/share/common-lisp/ros/control/msg/_package_swayActionGoal.lisp, /home/milo/blue-meadow/farmsim_unity/ros/devel/share/common-lisp/ros/control/msg/_package_swayActionGoal.lisp)
Linked: (/home/milo/blue-meadow/farmsim_unity/ros/devel/.private/control/share/common-lisp/ros/control/msg/rollActionResult.lisp, /home/milo/blue-meadow/farmsim_unity/ros/devel/share/common-lisp/ros/control/msg/rollActionResult.lisp)
Linked: (/home/milo/blue-meadow/farmsim_unity/ros/devel/.private/control/share/common-lisp/ros/control/msg/swayGoal.lisp, /home/milo/blue-meadow/farmsim_unity/ros/devel/share/common-lisp/ros/control/msg/swayGoal.lisp)
Linked: (/home/milo/blue-meadow/farmsim_unity/ros/devel/.private/control/share/common-lisp/ros/control/msg/control-msg.asd, /home/milo/blue-meadow/farmsim_unity/ros/devel/share/common-lisp/ros/control/msg/control-msg.asd)
Linked: (/home/milo/blue-meadow/farmsim_unity/ros/devel/.private/control/share/common-lisp/ros/control/msg/_package_yawAction.lisp, /home/milo/blue-meadow/farmsim_unity/ros/devel/share/common-lisp/ros/control/msg/_package_yawAction.lisp)
Linked: (/home/milo/blue-meadow/farmsim_unity/ros/devel/.private/control/share/common-lisp/ros/control/msg/_package_rollActionGoal.lisp, /home/milo/blue-meadow/farmsim_unity/ros/devel/share/common-lisp/ros/control/msg/_package_rollActionGoal.lisp)
Linked: (/home/milo/blue-meadow/farmsim_unity/ros/devel/.private/control/share/common-lisp/ros/control/msg/_package_pitchFeedback.lisp, /home/milo/blue-meadow/farmsim_unity/ros/devel/share/common-lisp/ros/control/msg/_package_pitchFeedback.lisp)
Linked: (/home/milo/blue-meadow/farmsim_unity/ros/devel/.private/control/share/common-lisp/ros/control/msg/_package_swayResult.lisp, /home/milo/blue-meadow/farmsim_unity/ros/devel/share/common-lisp/ros/control/msg/_package_swayResult.lisp)
Linked: (/home/milo/blue-meadow/farmsim_unity/ros/devel/.private/control/share/common-lisp/ros/control/msg/_package_yawFeedback.lisp, /home/milo/blue-meadow/farmsim_unity/ros/devel/share/common-lisp/ros/control/msg/_package_yawFeedback.lisp)
Linked: (/home/milo/blue-meadow/farmsim_unity/ros/devel/.private/control/share/common-lisp/ros/control/msg/_package_pitchAction.lisp, /home/milo/blue-meadow/farmsim_unity/ros/devel/share/common-lisp/ros/control/msg/_package_pitchAction.lisp)
Linked: (/home/milo/blue-meadow/farmsim_unity/ros/devel/.private/control/share/common-lisp/ros/control/msg/_package_heaveActionResult.lisp, /home/milo/blue-meadow/farmsim_unity/ros/devel/share/common-lisp/ros/control/msg/_package_heaveActionResult.lisp)
Linked: (/home/milo/blue-meadow/farmsim_unity/ros/devel/.private/control/share/common-lisp/ros/control/msg/_package_surgeAction.lisp, /home/milo/blue-meadow/farmsim_unity/ros/devel/share/common-lisp/ros/control/msg/_package_surgeAction.lisp)
Linked: (/home/milo/blue-meadow/farmsim_unity/ros/devel/.private/control/share/common-lisp/ros/control/msg/heaveActionFeedback.lisp, /home/milo/blue-meadow/farmsim_unity/ros/devel/share/common-lisp/ros/control/msg/heaveActionFeedback.lisp)
Linked: (/home/milo/blue-meadow/farmsim_unity/ros/devel/.private/control/share/common-lisp/ros/control/msg/pitchResult.lisp, /home/milo/blue-meadow/farmsim_unity/ros/devel/share/common-lisp/ros/control/msg/pitchResult.lisp)
Linked: (/home/milo/blue-meadow/farmsim_unity/ros/devel/.private/control/share/common-lisp/ros/control/msg/_package_swayFeedback.lisp, /home/milo/blue-meadow/farmsim_unity/ros/devel/share/common-lisp/ros/control/msg/_package_swayFeedback.lisp)
Linked: (/home/milo/blue-meadow/farmsim_unity/ros/devel/.private/control/share/common-lisp/ros/control/msg/pitchActionGoal.lisp, /home/milo/blue-meadow/farmsim_unity/ros/devel/share/common-lisp/ros/control/msg/pitchActionGoal.lisp)
Linked: (/home/milo/blue-meadow/farmsim_unity/ros/devel/.private/control/share/common-lisp/ros/control/msg/rollActionGoal.lisp, /home/milo/blue-meadow/farmsim_unity/ros/devel/share/common-lisp/ros/control/msg/rollActionGoal.lisp)
Linked: (/home/milo/blue-meadow/farmsim_unity/ros/devel/.private/control/share/common-lisp/ros/control/msg/_package_swayActionResult.lisp, /home/milo/blue-meadow/farmsim_unity/ros/devel/share/common-lisp/ros/control/msg/_package_swayActionResult.lisp)
Linked: (/home/milo/blue-meadow/farmsim_unity/ros/devel/.private/control/share/common-lisp/ros/control/msg/swayResult.lisp, /home/milo/blue-meadow/farmsim_unity/ros/devel/share/common-lisp/ros/control/msg/swayResult.lisp)
Linked: (/home/milo/blue-meadow/farmsim_unity/ros/devel/.private/control/share/common-lisp/ros/control/msg/_package.lisp, /home/milo/blue-meadow/farmsim_unity/ros/devel/share/common-lisp/ros/control/msg/_package.lisp)
Linked: (/home/milo/blue-meadow/farmsim_unity/ros/devel/.private/control/share/common-lisp/ros/control/msg/pitchFeedback.lisp, /home/milo/blue-meadow/farmsim_unity/ros/devel/share/common-lisp/ros/control/msg/pitchFeedback.lisp)
Linked: (/home/milo/blue-meadow/farmsim_unity/ros/devel/.private/control/share/common-lisp/ros/control/msg/heaveGoal.lisp, /home/milo/blue-meadow/farmsim_unity/ros/devel/share/common-lisp/ros/control/msg/heaveGoal.lisp)
Linked: (/home/milo/blue-meadow/farmsim_unity/ros/devel/.private/control/share/common-lisp/ros/control/msg/thruster.lisp, /home/milo/blue-meadow/farmsim_unity/ros/devel/share/common-lisp/ros/control/msg/thruster.lisp)
Linked: (/home/milo/blue-meadow/farmsim_unity/ros/devel/.private/control/share/common-lisp/ros/control/msg/yawActionGoal.lisp, /home/milo/blue-meadow/farmsim_unity/ros/devel/share/common-lisp/ros/control/msg/yawActionGoal.lisp)
Linked: (/home/milo/blue-meadow/farmsim_unity/ros/devel/.private/control/share/common-lisp/ros/control/msg/_package_pitchResult.lisp, /home/milo/blue-meadow/farmsim_unity/ros/devel/share/common-lisp/ros/control/msg/_package_pitchResult.lisp)
Linked: (/home/milo/blue-meadow/farmsim_unity/ros/devel/.private/control/share/common-lisp/ros/control/msg/surgeActionGoal.lisp, /home/milo/blue-meadow/farmsim_unity/ros/devel/share/common-lisp/ros/control/msg/surgeActionGoal.lisp)
Linked: (/home/milo/blue-meadow/farmsim_unity/ros/devel/.private/control/share/common-lisp/ros/control/msg/_package_swayAction.lisp, /home/milo/blue-meadow/farmsim_unity/ros/devel/share/common-lisp/ros/control/msg/_package_swayAction.lisp)
Linked: (/home/milo/blue-meadow/farmsim_unity/ros/devel/.private/control/share/common-lisp/ros/control/msg/_package_yawResult.lisp, /home/milo/blue-meadow/farmsim_unity/ros/devel/share/common-lisp/ros/control/msg/_package_yawResult.lisp)
Linked: (/home/milo/blue-meadow/farmsim_unity/ros/devel/.private/control/share/common-lisp/ros/control/msg/pitchActionResult.lisp, /home/milo/blue-meadow/farmsim_unity/ros/devel/share/common-lisp/ros/control/msg/pitchActionResult.lisp)
Linked: (/home/milo/blue-meadow/farmsim_unity/ros/devel/.private/control/share/common-lisp/ros/control/msg/_package_rollActionFeedback.lisp, /home/milo/blue-meadow/farmsim_unity/ros/devel/share/common-lisp/ros/control/msg/_package_rollActionFeedback.lisp)
Linked: (/home/milo/blue-meadow/farmsim_unity/ros/devel/.private/control/share/common-lisp/ros/control/msg/heaveFeedback.lisp, /home/milo/blue-meadow/farmsim_unity/ros/devel/share/common-lisp/ros/control/msg/heaveFeedback.lisp)
Linked: (/home/milo/blue-meadow/farmsim_unity/ros/devel/.private/control/share/common-lisp/ros/control/msg/yawActionFeedback.lisp, /home/milo/blue-meadow/farmsim_unity/ros/devel/share/common-lisp/ros/control/msg/yawActionFeedback.lisp)
Linked: (/home/milo/blue-meadow/farmsim_unity/ros/devel/.private/control/share/common-lisp/ros/control/msg/_package_yawActionResult.lisp, /home/milo/blue-meadow/farmsim_unity/ros/devel/share/common-lisp/ros/control/msg/_package_yawActionResult.lisp)
Linked: (/home/milo/blue-meadow/farmsim_unity/ros/devel/.private/control/share/common-lisp/ros/control/msg/rollFeedback.lisp, /home/milo/blue-meadow/farmsim_unity/ros/devel/share/common-lisp/ros/control/msg/rollFeedback.lisp)
Linked: (/home/milo/blue-meadow/farmsim_unity/ros/devel/.private/control/share/common-lisp/ros/control/msg/surgeAction.lisp, /home/milo/blue-meadow/farmsim_unity/ros/devel/share/common-lisp/ros/control/msg/surgeAction.lisp)
Linked: (/home/milo/blue-meadow/farmsim_unity/ros/devel/.private/control/share/common-lisp/ros/control/msg/_package_heaveActionFeedback.lisp, /home/milo/blue-meadow/farmsim_unity/ros/devel/share/common-lisp/ros/control/msg/_package_heaveActionFeedback.lisp)
Linked: (/home/milo/blue-meadow/farmsim_unity/ros/devel/.private/control/share/common-lisp/ros/control/msg/_package_heaveAction.lisp, /home/milo/blue-meadow/farmsim_unity/ros/devel/share/common-lisp/ros/control/msg/_package_heaveAction.lisp)
Linked: (/home/milo/blue-meadow/farmsim_unity/ros/devel/.private/control/share/common-lisp/ros/control/msg/_package_pitchGoal.lisp, /home/milo/blue-meadow/farmsim_unity/ros/devel/share/common-lisp/ros/control/msg/_package_pitchGoal.lisp)
Linked: (/home/milo/blue-meadow/farmsim_unity/ros/devel/.private/control/share/common-lisp/ros/control/msg/rollAction.lisp, /home/milo/blue-meadow/farmsim_unity/ros/devel/share/common-lisp/ros/control/msg/rollAction.lisp)
Linked: (/home/milo/blue-meadow/farmsim_unity/ros/devel/.private/control/share/common-lisp/ros/control/msg/_package_heaveActionGoal.lisp, /home/milo/blue-meadow/farmsim_unity/ros/devel/share/common-lisp/ros/control/msg/_package_heaveActionGoal.lisp)
Linked: (/home/milo/blue-meadow/farmsim_unity/ros/devel/.private/control/share/common-lisp/ros/control/msg/_package_surgeGoal.lisp, /home/milo/blue-meadow/farmsim_unity/ros/devel/share/common-lisp/ros/control/msg/_package_surgeGoal.lisp)
Linked: (/home/milo/blue-meadow/farmsim_unity/ros/devel/.private/control/share/common-lisp/ros/control/msg/pitchAction.lisp, /home/milo/blue-meadow/farmsim_unity/ros/devel/share/common-lisp/ros/control/msg/pitchAction.lisp)
Linked: (/home/milo/blue-meadow/farmsim_unity/ros/devel/.private/control/share/common-lisp/ros/control/msg/yawGoal.lisp, /home/milo/blue-meadow/farmsim_unity/ros/devel/share/common-lisp/ros/control/msg/yawGoal.lisp)
Linked: (/home/milo/blue-meadow/farmsim_unity/ros/devel/.private/control/share/common-lisp/ros/control/msg/_package_rollResult.lisp, /home/milo/blue-meadow/farmsim_unity/ros/devel/share/common-lisp/ros/control/msg/_package_rollResult.lisp)
Linked: (/home/milo/blue-meadow/farmsim_unity/ros/devel/.private/control/share/common-lisp/ros/control/msg/heaveResult.lisp, /home/milo/blue-meadow/farmsim_unity/ros/devel/share/common-lisp/ros/control/msg/heaveResult.lisp)
Linked: (/home/milo/blue-meadow/farmsim_unity/ros/devel/.private/control/share/common-lisp/ros/control/msg/_package_swayGoal.lisp, /home/milo/blue-meadow/farmsim_unity/ros/devel/share/common-lisp/ros/control/msg/_package_swayGoal.lisp)
Linked: (/home/milo/blue-meadow/farmsim_unity/ros/devel/.private/control/share/common-lisp/ros/control/msg/yawResult.lisp, /home/milo/blue-meadow/farmsim_unity/ros/devel/share/common-lisp/ros/control/msg/yawResult.lisp)
Linked: (/home/milo/blue-meadow/farmsim_unity/ros/devel/.private/control/share/common-lisp/ros/control/msg/_package_thruster.lisp, /home/milo/blue-meadow/farmsim_unity/ros/devel/share/common-lisp/ros/control/msg/_package_thruster.lisp)
Linked: (/home/milo/blue-meadow/farmsim_unity/ros/devel/.private/control/share/common-lisp/ros/control/msg/_package_surgeActionGoal.lisp, /home/milo/blue-meadow/farmsim_unity/ros/devel/share/common-lisp/ros/control/msg/_package_surgeActionGoal.lisp)
Linked: (/home/milo/blue-meadow/farmsim_unity/ros/devel/.private/control/share/common-lisp/ros/control/msg/rollGoal.lisp, /home/milo/blue-meadow/farmsim_unity/ros/devel/share/common-lisp/ros/control/msg/rollGoal.lisp)
Linked: (/home/milo/blue-meadow/farmsim_unity/ros/devel/.private/control/share/common-lisp/ros/control/msg/yawFeedback.lisp, /home/milo/blue-meadow/farmsim_unity/ros/devel/share/common-lisp/ros/control/msg/yawFeedback.lisp)
Linked: (/home/milo/blue-meadow/farmsim_unity/ros/devel/.private/control/share/common-lisp/ros/control/msg/yawAction.lisp, /home/milo/blue-meadow/farmsim_unity/ros/devel/share/common-lisp/ros/control/msg/yawAction.lisp)
Linked: (/home/milo/blue-meadow/farmsim_unity/ros/devel/.private/control/share/common-lisp/ros/control/msg/_package_rollAction.lisp, /home/milo/blue-meadow/farmsim_unity/ros/devel/share/common-lisp/ros/control/msg/_package_rollAction.lisp)
Linked: (/home/milo/blue-meadow/farmsim_unity/ros/devel/.private/control/share/common-lisp/ros/control/msg/surgeResult.lisp, /home/milo/blue-meadow/farmsim_unity/ros/devel/share/common-lisp/ros/control/msg/surgeResult.lisp)
Linked: (/home/milo/blue-meadow/farmsim_unity/ros/devel/.private/control/share/common-lisp/ros/control/msg/_package_yawActionGoal.lisp, /home/milo/blue-meadow/farmsim_unity/ros/devel/share/common-lisp/ros/control/msg/_package_yawActionGoal.lisp)
Linked: (/home/milo/blue-meadow/farmsim_unity/ros/devel/.private/control/share/common-lisp/ros/control/msg/TridentThrust.lisp, /home/milo/blue-meadow/farmsim_unity/ros/devel/share/common-lisp/ros/control/msg/TridentThrust.lisp)
Linked: (/home/milo/blue-meadow/farmsim_unity/ros/devel/.private/control/share/common-lisp/ros/control/msg/surgeGoal.lisp, /home/milo/blue-meadow/farmsim_unity/ros/devel/share/common-lisp/ros/control/msg/surgeGoal.lisp)
Linked: (/home/milo/blue-meadow/farmsim_unity/ros/devel/.private/control/share/common-lisp/ros/control/msg/_package_surgeFeedback.lisp, /home/milo/blue-meadow/farmsim_unity/ros/devel/share/common-lisp/ros/control/msg/_package_surgeFeedback.lisp)
Linked: (/home/milo/blue-meadow/farmsim_unity/ros/devel/.private/control/share/common-lisp/ros/control/msg/_package_yawGoal.lisp, /home/milo/blue-meadow/farmsim_unity/ros/devel/share/common-lisp/ros/control/msg/_package_yawGoal.lisp)
Linked: (/home/milo/blue-meadow/farmsim_unity/ros/devel/.private/control/share/common-lisp/ros/control/msg/_package_rollGoal.lisp, /home/milo/blue-meadow/farmsim_unity/ros/devel/share/common-lisp/ros/control/msg/_package_rollGoal.lisp)
Linked: (/home/milo/blue-meadow/farmsim_unity/ros/devel/.private/control/share/common-lisp/ros/control/msg/surgeActionResult.lisp, /home/milo/blue-meadow/farmsim_unity/ros/devel/share/common-lisp/ros/control/msg/surgeActionResult.lisp)
Linked: (/home/milo/blue-meadow/farmsim_unity/ros/devel/.private/control/share/common-lisp/ros/control/msg/surgeActionFeedback.lisp, /home/milo/blue-meadow/farmsim_unity/ros/devel/share/common-lisp/ros/control/msg/surgeActionFeedback.lisp)
Linked: (/home/milo/blue-meadow/farmsim_unity/ros/devel/.private/control/share/common-lisp/ros/control/msg/swayFeedback.lisp, /home/milo/blue-meadow/farmsim_unity/ros/devel/share/common-lisp/ros/control/msg/swayFeedback.lisp)
Linked: (/home/milo/blue-meadow/farmsim_unity/ros/devel/.private/control/share/common-lisp/ros/control/msg/swayAction.lisp, /home/milo/blue-meadow/farmsim_unity/ros/devel/share/common-lisp/ros/control/msg/swayAction.lisp)
Linked: (/home/milo/blue-meadow/farmsim_unity/ros/devel/.private/control/share/common-lisp/ros/control/msg/_package_yawActionFeedback.lisp, /home/milo/blue-meadow/farmsim_unity/ros/devel/share/common-lisp/ros/control/msg/_package_yawActionFeedback.lisp)
Linked: (/home/milo/blue-meadow/farmsim_unity/ros/devel/.private/control/share/roseus/ros/control/manifest.l, /home/milo/blue-meadow/farmsim_unity/ros/devel/share/roseus/ros/control/manifest.l)
Linked: (/home/milo/blue-meadow/farmsim_unity/ros/devel/.private/control/share/roseus/ros/control/msg/surgeFeedback.l, /home/milo/blue-meadow/farmsim_unity/ros/devel/share/roseus/ros/control/msg/surgeFeedback.l)
Linked: (/home/milo/blue-meadow/farmsim_unity/ros/devel/.private/control/share/roseus/ros/control/msg/heaveActionGoal.l, /home/milo/blue-meadow/farmsim_unity/ros/devel/share/roseus/ros/control/msg/heaveActionGoal.l)
Linked: (/home/milo/blue-meadow/farmsim_unity/ros/devel/.private/control/share/roseus/ros/control/msg/surgeResult.l, /home/milo/blue-meadow/farmsim_unity/ros/devel/share/roseus/ros/control/msg/surgeResult.l)
Linked: (/home/milo/blue-meadow/farmsim_unity/ros/devel/.private/control/share/roseus/ros/control/msg/swayFeedback.l, /home/milo/blue-meadow/farmsim_unity/ros/devel/share/roseus/ros/control/msg/swayFeedback.l)
Linked: (/home/milo/blue-meadow/farmsim_unity/ros/devel/.private/control/share/roseus/ros/control/msg/heaveResult.l, /home/milo/blue-meadow/farmsim_unity/ros/devel/share/roseus/ros/control/msg/heaveResult.l)
Linked: (/home/milo/blue-meadow/farmsim_unity/ros/devel/.private/control/share/roseus/ros/control/msg/yawActionGoal.l, /home/milo/blue-meadow/farmsim_unity/ros/devel/share/roseus/ros/control/msg/yawActionGoal.l)
Linked: (/home/milo/blue-meadow/farmsim_unity/ros/devel/.private/control/share/roseus/ros/control/msg/heaveFeedback.l, /home/milo/blue-meadow/farmsim_unity/ros/devel/share/roseus/ros/control/msg/heaveFeedback.l)
Linked: (/home/milo/blue-meadow/farmsim_unity/ros/devel/.private/control/share/roseus/ros/control/msg/yawFeedback.l, /home/milo/blue-meadow/farmsim_unity/ros/devel/share/roseus/ros/control/msg/yawFeedback.l)
Linked: (/home/milo/blue-meadow/farmsim_unity/ros/devel/.private/control/share/roseus/ros/control/msg/yawGoal.l, /home/milo/blue-meadow/farmsim_unity/ros/devel/share/roseus/ros/control/msg/yawGoal.l)
Linked: (/home/milo/blue-meadow/farmsim_unity/ros/devel/.private/control/share/roseus/ros/control/msg/heaveGoal.l, /home/milo/blue-meadow/farmsim_unity/ros/devel/share/roseus/ros/control/msg/heaveGoal.l)
Linked: (/home/milo/blue-meadow/farmsim_unity/ros/devel/.private/control/share/roseus/ros/control/msg/TridentThrust.l, /home/milo/blue-meadow/farmsim_unity/ros/devel/share/roseus/ros/control/msg/TridentThrust.l)
Linked: (/home/milo/blue-meadow/farmsim_unity/ros/devel/.private/control/share/roseus/ros/control/msg/surgeActionGoal.l, /home/milo/blue-meadow/farmsim_unity/ros/devel/share/roseus/ros/control/msg/surgeActionGoal.l)
Linked: (/home/milo/blue-meadow/farmsim_unity/ros/devel/.private/control/share/roseus/ros/control/msg/rollFeedback.l, /home/milo/blue-meadow/farmsim_unity/ros/devel/share/roseus/ros/control/msg/rollFeedback.l)
Linked: (/home/milo/blue-meadow/farmsim_unity/ros/devel/.private/control/share/roseus/ros/control/msg/surgeActionFeedback.l, /home/milo/blue-meadow/farmsim_unity/ros/devel/share/roseus/ros/control/msg/surgeActionFeedback.l)
Linked: (/home/milo/blue-meadow/farmsim_unity/ros/devel/.private/control/share/roseus/ros/control/msg/rollActionResult.l, /home/milo/blue-meadow/farmsim_unity/ros/devel/share/roseus/ros/control/msg/rollActionResult.l)
Linked: (/home/milo/blue-meadow/farmsim_unity/ros/devel/.private/control/share/roseus/ros/control/msg/pitchGoal.l, /home/milo/blue-meadow/farmsim_unity/ros/devel/share/roseus/ros/control/msg/pitchGoal.l)
Linked: (/home/milo/blue-meadow/farmsim_unity/ros/devel/.private/control/share/roseus/ros/control/msg/heaveActionResult.l, /home/milo/blue-meadow/farmsim_unity/ros/devel/share/roseus/ros/control/msg/heaveActionResult.l)
Linked: (/home/milo/blue-meadow/farmsim_unity/ros/devel/.private/control/share/roseus/ros/control/msg/pitchActionResult.l, /home/milo/blue-meadow/farmsim_unity/ros/devel/share/roseus/ros/control/msg/pitchActionResult.l)
Linked: (/home/milo/blue-meadow/farmsim_unity/ros/devel/.private/control/share/roseus/ros/control/msg/swayGoal.l, /home/milo/blue-meadow/farmsim_unity/ros/devel/share/roseus/ros/control/msg/swayGoal.l)
Linked: (/home/milo/blue-meadow/farmsim_unity/ros/devel/.private/control/share/roseus/ros/control/msg/pitchFeedback.l, /home/milo/blue-meadow/farmsim_unity/ros/devel/share/roseus/ros/control/msg/pitchFeedback.l)
Linked: (/home/milo/blue-meadow/farmsim_unity/ros/devel/.private/control/share/roseus/ros/control/msg/heaveAction.l, /home/milo/blue-meadow/farmsim_unity/ros/devel/share/roseus/ros/control/msg/heaveAction.l)
Linked: (/home/milo/blue-meadow/farmsim_unity/ros/devel/.private/control/share/roseus/ros/control/msg/yawActionResult.l, /home/milo/blue-meadow/farmsim_unity/ros/devel/share/roseus/ros/control/msg/yawActionResult.l)
Linked: (/home/milo/blue-meadow/farmsim_unity/ros/devel/.private/control/share/roseus/ros/control/msg/rollActionFeedback.l, /home/milo/blue-meadow/farmsim_unity/ros/devel/share/roseus/ros/control/msg/rollActionFeedback.l)
Linked: (/home/milo/blue-meadow/farmsim_unity/ros/devel/.private/control/share/roseus/ros/control/msg/swayResult.l, /home/milo/blue-meadow/farmsim_unity/ros/devel/share/roseus/ros/control/msg/swayResult.l)
Linked: (/home/milo/blue-meadow/farmsim_unity/ros/devel/.private/control/share/roseus/ros/control/msg/surgeAction.l, /home/milo/blue-meadow/farmsim_unity/ros/devel/share/roseus/ros/control/msg/surgeAction.l)
Linked: (/home/milo/blue-meadow/farmsim_unity/ros/devel/.private/control/share/roseus/ros/control/msg/surgeGoal.l, /home/milo/blue-meadow/farmsim_unity/ros/devel/share/roseus/ros/control/msg/surgeGoal.l)
Linked: (/home/milo/blue-meadow/farmsim_unity/ros/devel/.private/control/share/roseus/ros/control/msg/rollAction.l, /home/milo/blue-meadow/farmsim_unity/ros/devel/share/roseus/ros/control/msg/rollAction.l)
Linked: (/home/milo/blue-meadow/farmsim_unity/ros/devel/.private/control/share/roseus/ros/control/msg/pitchAction.l, /home/milo/blue-meadow/farmsim_unity/ros/devel/share/roseus/ros/control/msg/pitchAction.l)
Linked: (/home/milo/blue-meadow/farmsim_unity/ros/devel/.private/control/share/roseus/ros/control/msg/pitchActionFeedback.l, /home/milo/blue-meadow/farmsim_unity/ros/devel/share/roseus/ros/control/msg/pitchActionFeedback.l)
Linked: (/home/milo/blue-meadow/farmsim_unity/ros/devel/.private/control/share/roseus/ros/control/msg/yawAction.l, /home/milo/blue-meadow/farmsim_unity/ros/devel/share/roseus/ros/control/msg/yawAction.l)
Linked: (/home/milo/blue-meadow/farmsim_unity/ros/devel/.private/control/share/roseus/ros/control/msg/rollGoal.l, /home/milo/blue-meadow/farmsim_unity/ros/devel/share/roseus/ros/control/msg/rollGoal.l)
Linked: (/home/milo/blue-meadow/farmsim_unity/ros/devel/.private/control/share/roseus/ros/control/msg/swayActionResult.l, /home/milo/blue-meadow/farmsim_unity/ros/devel/share/roseus/ros/control/msg/swayActionResult.l)
Linked: (/home/milo/blue-meadow/farmsim_unity/ros/devel/.private/control/share/roseus/ros/control/msg/pitchActionGoal.l, /home/milo/blue-meadow/farmsim_unity/ros/devel/share/roseus/ros/control/msg/pitchActionGoal.l)
Linked: (/home/milo/blue-meadow/farmsim_unity/ros/devel/.private/control/share/roseus/ros/control/msg/thruster.l, /home/milo/blue-meadow/farmsim_unity/ros/devel/share/roseus/ros/control/msg/thruster.l)
Linked: (/home/milo/blue-meadow/farmsim_unity/ros/devel/.private/control/share/roseus/ros/control/msg/pitchResult.l, /home/milo/blue-meadow/farmsim_unity/ros/devel/share/roseus/ros/control/msg/pitchResult.l)
Linked: (/home/milo/blue-meadow/farmsim_unity/ros/devel/.private/control/share/roseus/ros/control/msg/heaveActionFeedback.l, /home/milo/blue-meadow/farmsim_unity/ros/devel/share/roseus/ros/control/msg/heaveActionFeedback.l)
Linked: (/home/milo/blue-meadow/farmsim_unity/ros/devel/.private/control/share/roseus/ros/control/msg/rollActionGoal.l, /home/milo/blue-meadow/farmsim_unity/ros/devel/share/roseus/ros/control/msg/rollActionGoal.l)
Linked: (/home/milo/blue-meadow/farmsim_unity/ros/devel/.private/control/share/roseus/ros/control/msg/swayAction.l, /home/milo/blue-meadow/farmsim_unity/ros/devel/share/roseus/ros/control/msg/swayAction.l)
Linked: (/home/milo/blue-meadow/farmsim_unity/ros/devel/.private/control/share/roseus/ros/control/msg/swayActionFeedback.l, /home/milo/blue-meadow/farmsim_unity/ros/devel/share/roseus/ros/control/msg/swayActionFeedback.l)
Linked: (/home/milo/blue-meadow/farmsim_unity/ros/devel/.private/control/share/roseus/ros/control/msg/surgeActionResult.l, /home/milo/blue-meadow/farmsim_unity/ros/devel/share/roseus/ros/control/msg/surgeActionResult.l)
Linked: (/home/milo/blue-meadow/farmsim_unity/ros/devel/.private/control/share/roseus/ros/control/msg/swayActionGoal.l, /home/milo/blue-meadow/farmsim_unity/ros/devel/share/roseus/ros/control/msg/swayActionGoal.l)
Linked: (/home/milo/blue-meadow/farmsim_unity/ros/devel/.private/control/share/roseus/ros/control/msg/yawResult.l, /home/milo/blue-meadow/farmsim_unity/ros/devel/share/roseus/ros/control/msg/yawResult.l)
Linked: (/home/milo/blue-meadow/farmsim_unity/ros/devel/.private/control/share/roseus/ros/control/msg/yawActionFeedback.l, /home/milo/blue-meadow/farmsim_unity/ros/devel/share/roseus/ros/control/msg/yawActionFeedback.l)
Linked: (/home/milo/blue-meadow/farmsim_unity/ros/devel/.private/control/share/roseus/ros/control/msg/rollResult.l, /home/milo/blue-meadow/farmsim_unity/ros/devel/share/roseus/ros/control/msg/rollResult.l)
Linked: (/home/milo/blue-meadow/farmsim_unity/ros/devel/.private/control/lib/pkgconfig/control.pc, /home/milo/blue-meadow/farmsim_unity/ros/devel/lib/pkgconfig/control.pc)
Linked: (/home/milo/blue-meadow/farmsim_unity/ros/devel/.private/control/lib/python2.7/dist-packages/control/__init__.py, /home/milo/blue-meadow/farmsim_unity/ros/devel/lib/python2.7/dist-packages/control/__init__.py)
Linked: (/home/milo/blue-meadow/farmsim_unity/ros/devel/.private/control/lib/python2.7/dist-packages/control/cfg/__init__.py, /home/milo/blue-meadow/farmsim_unity/ros/devel/lib/python2.7/dist-packages/control/cfg/__init__.py)
Linked: (/home/milo/blue-meadow/farmsim_unity/ros/devel/.private/control/lib/python2.7/dist-packages/control/cfg/thrusterConfig.py, /home/milo/blue-meadow/farmsim_unity/ros/devel/lib/python2.7/dist-packages/control/cfg/thrusterConfig.py)
Linked: (/home/milo/blue-meadow/farmsim_unity/ros/devel/.private/control/lib/python2.7/dist-packages/control/msg/_heaveResult.py, /home/milo/blue-meadow/farmsim_unity/ros/devel/lib/python2.7/dist-packages/control/msg/_heaveResult.py)
Linked: (/home/milo/blue-meadow/farmsim_unity/ros/devel/.private/control/lib/python2.7/dist-packages/control/msg/_pitchResult.py, /home/milo/blue-meadow/farmsim_unity/ros/devel/lib/python2.7/dist-packages/control/msg/_pitchResult.py)
Linked: (/home/milo/blue-meadow/farmsim_unity/ros/devel/.private/control/lib/python2.7/dist-packages/control/msg/_surgeFeedback.py, /home/milo/blue-meadow/farmsim_unity/ros/devel/lib/python2.7/dist-packages/control/msg/_surgeFeedback.py)
Linked: (/home/milo/blue-meadow/farmsim_unity/ros/devel/.private/control/lib/python2.7/dist-packages/control/msg/_rollResult.py, /home/milo/blue-meadow/farmsim_unity/ros/devel/lib/python2.7/dist-packages/control/msg/_rollResult.py)
Linked: (/home/milo/blue-meadow/farmsim_unity/ros/devel/.private/control/lib/python2.7/dist-packages/control/msg/_yawFeedback.py, /home/milo/blue-meadow/farmsim_unity/ros/devel/lib/python2.7/dist-packages/control/msg/_yawFeedback.py)
Linked: (/home/milo/blue-meadow/farmsim_unity/ros/devel/.private/control/lib/python2.7/dist-packages/control/msg/_yawGoal.py, /home/milo/blue-meadow/farmsim_unity/ros/devel/lib/python2.7/dist-packages/control/msg/_yawGoal.py)
Linked: (/home/milo/blue-meadow/farmsim_unity/ros/devel/.private/control/lib/python2.7/dist-packages/control/msg/_pitchActionResult.py, /home/milo/blue-meadow/farmsim_unity/ros/devel/lib/python2.7/dist-packages/control/msg/_pitchActionResult.py)
Linked: (/home/milo/blue-meadow/farmsim_unity/ros/devel/.private/control/lib/python2.7/dist-packages/control/msg/_rollActionFeedback.py, /home/milo/blue-meadow/farmsim_unity/ros/devel/lib/python2.7/dist-packages/control/msg/_rollActionFeedback.py)
Linked: (/home/milo/blue-meadow/farmsim_unity/ros/devel/.private/control/lib/python2.7/dist-packages/control/msg/_rollFeedback.py, /home/milo/blue-meadow/farmsim_unity/ros/devel/lib/python2.7/dist-packages/control/msg/_rollFeedback.py)
Linked: (/home/milo/blue-meadow/farmsim_unity/ros/devel/.private/control/lib/python2.7/dist-packages/control/msg/_surgeActionFeedback.py, /home/milo/blue-meadow/farmsim_unity/ros/devel/lib/python2.7/dist-packages/control/msg/_surgeActionFeedback.py)
Linked: (/home/milo/blue-meadow/farmsim_unity/ros/devel/.private/control/lib/python2.7/dist-packages/control/msg/__init__.py, /home/milo/blue-meadow/farmsim_unity/ros/devel/lib/python2.7/dist-packages/control/msg/__init__.py)
Linked: (/home/milo/blue-meadow/farmsim_unity/ros/devel/.private/control/lib/python2.7/dist-packages/control/msg/_yawActionGoal.py, /home/milo/blue-meadow/farmsim_unity/ros/devel/lib/python2.7/dist-packages/control/msg/_yawActionGoal.py)
Linked: (/home/milo/blue-meadow/farmsim_unity/ros/devel/.private/control/lib/python2.7/dist-packages/control/msg/_yawActionFeedback.py, /home/milo/blue-meadow/farmsim_unity/ros/devel/lib/python2.7/dist-packages/control/msg/_yawActionFeedback.py)
Linked: (/home/milo/blue-meadow/farmsim_unity/ros/devel/.private/control/lib/python2.7/dist-packages/control/msg/_surgeActionResult.py, /home/milo/blue-meadow/farmsim_unity/ros/devel/lib/python2.7/dist-packages/control/msg/_surgeActionResult.py)
Linked: (/home/milo/blue-meadow/farmsim_unity/ros/devel/.private/control/lib/python2.7/dist-packages/control/msg/_heaveFeedback.py, /home/milo/blue-meadow/farmsim_unity/ros/devel/lib/python2.7/dist-packages/control/msg/_heaveFeedback.py)
Linked: (/home/milo/blue-meadow/farmsim_unity/ros/devel/.private/control/lib/python2.7/dist-packages/control/msg/_pitchActionGoal.py, /home/milo/blue-meadow/farmsim_unity/ros/devel/lib/python2.7/dist-packages/control/msg/_pitchActionGoal.py)
Linked: (/home/milo/blue-meadow/farmsim_unity/ros/devel/.private/control/lib/python2.7/dist-packages/control/msg/_rollActionGoal.py, /home/milo/blue-meadow/farmsim_unity/ros/devel/lib/python2.7/dist-packages/control/msg/_rollActionGoal.py)
Linked: (/home/milo/blue-meadow/farmsim_unity/ros/devel/.private/control/lib/python2.7/dist-packages/control/msg/_swayActionFeedback.py, /home/milo/blue-meadow/farmsim_unity/ros/devel/lib/python2.7/dist-packages/control/msg/_swayActionFeedback.py)
Linked: (/home/milo/blue-meadow/farmsim_unity/ros/devel/.private/control/lib/python2.7/dist-packages/control/msg/_pitchFeedback.py, /home/milo/blue-meadow/farmsim_unity/ros/devel/lib/python2.7/dist-packages/control/msg/_pitchFeedback.py)
Linked: (/home/milo/blue-meadow/farmsim_unity/ros/devel/.private/control/lib/python2.7/dist-packages/control/msg/_pitchGoal.py, /home/milo/blue-meadow/farmsim_unity/ros/devel/lib/python2.7/dist-packages/control/msg/_pitchGoal.py)
Linked: (/home/milo/blue-meadow/farmsim_unity/ros/devel/.private/control/lib/python2.7/dist-packages/control/msg/_surgeGoal.py, /home/milo/blue-meadow/farmsim_unity/ros/devel/lib/python2.7/dist-packages/control/msg/_surgeGoal.py)
Linked: (/home/milo/blue-meadow/farmsim_unity/ros/devel/.private/control/lib/python2.7/dist-packages/control/msg/_swayActionGoal.py, /home/milo/blue-meadow/farmsim_unity/ros/devel/lib/python2.7/dist-packages/control/msg/_swayActionGoal.py)
Linked: (/home/milo/blue-meadow/farmsim_unity/ros/devel/.private/control/lib/python2.7/dist-packages/control/msg/_swayGoal.py, /home/milo/blue-meadow/farmsim_unity/ros/devel/lib/python2.7/dist-packages/control/msg/_swayGoal.py)
Linked: (/home/milo/blue-meadow/farmsim_unity/ros/devel/.private/control/lib/python2.7/dist-packages/control/msg/_pitchActionFeedback.py, /home/milo/blue-meadow/farmsim_unity/ros/devel/lib/python2.7/dist-packages/control/msg/_pitchActionFeedback.py)
Linked: (/home/milo/blue-meadow/farmsim_unity/ros/devel/.private/control/lib/python2.7/dist-packages/control/msg/_swayActionResult.py, /home/milo/blue-meadow/farmsim_unity/ros/devel/lib/python2.7/dist-packages/control/msg/_swayActionResult.py)
Linked: (/home/milo/blue-meadow/farmsim_unity/ros/devel/.private/control/lib/python2.7/dist-packages/control/msg/_surgeAction.py, /home/milo/blue-meadow/farmsim_unity/ros/devel/lib/python2.7/dist-packages/control/msg/_surgeAction.py)
Linked: (/home/milo/blue-meadow/farmsim_unity/ros/devel/.private/control/lib/python2.7/dist-packages/control/msg/_surgeActionGoal.py, /home/milo/blue-meadow/farmsim_unity/ros/devel/lib/python2.7/dist-packages/control/msg/_surgeActionGoal.py)
Linked: (/home/milo/blue-meadow/farmsim_unity/ros/devel/.private/control/lib/python2.7/dist-packages/control/msg/_yawAction.py, /home/milo/blue-meadow/farmsim_unity/ros/devel/lib/python2.7/dist-packages/control/msg/_yawAction.py)
Linked: (/home/milo/blue-meadow/farmsim_unity/ros/devel/.private/control/lib/python2.7/dist-packages/control/msg/_surgeResult.py, /home/milo/blue-meadow/farmsim_unity/ros/devel/lib/python2.7/dist-packages/control/msg/_surgeResult.py)
Linked: (/home/milo/blue-meadow/farmsim_unity/ros/devel/.private/control/lib/python2.7/dist-packages/control/msg/_swayResult.py, /home/milo/blue-meadow/farmsim_unity/ros/devel/lib/python2.7/dist-packages/control/msg/_swayResult.py)
Linked: (/home/milo/blue-meadow/farmsim_unity/ros/devel/.private/control/lib/python2.7/dist-packages/control/msg/_rollAction.py, /home/milo/blue-meadow/farmsim_unity/ros/devel/lib/python2.7/dist-packages/control/msg/_rollAction.py)
Linked: (/home/milo/blue-meadow/farmsim_unity/ros/devel/.private/control/lib/python2.7/dist-packages/control/msg/_heaveActionFeedback.py, /home/milo/blue-meadow/farmsim_unity/ros/devel/lib/python2.7/dist-packages/control/msg/_heaveActionFeedback.py)
Linked: (/home/milo/blue-meadow/farmsim_unity/ros/devel/.private/control/lib/python2.7/dist-packages/control/msg/_heaveActionResult.py, /home/milo/blue-meadow/farmsim_unity/ros/devel/lib/python2.7/dist-packages/control/msg/_heaveActionResult.py)
Linked: (/home/milo/blue-meadow/farmsim_unity/ros/devel/.private/control/lib/python2.7/dist-packages/control/msg/_heaveAction.py, /home/milo/blue-meadow/farmsim_unity/ros/devel/lib/python2.7/dist-packages/control/msg/_heaveAction.py)
Linked: (/home/milo/blue-meadow/farmsim_unity/ros/devel/.private/control/lib/python2.7/dist-packages/control/msg/_yawActionResult.py, /home/milo/blue-meadow/farmsim_unity/ros/devel/lib/python2.7/dist-packages/control/msg/_yawActionResult.py)
Linked: (/home/milo/blue-meadow/farmsim_unity/ros/devel/.private/control/lib/python2.7/dist-packages/control/msg/_TridentThrust.py, /home/milo/blue-meadow/farmsim_unity/ros/devel/lib/python2.7/dist-packages/control/msg/_TridentThrust.py)
Linked: (/home/milo/blue-meadow/farmsim_unity/ros/devel/.private/control/lib/python2.7/dist-packages/control/msg/_heaveActionGoal.py, /home/milo/blue-meadow/farmsim_unity/ros/devel/lib/python2.7/dist-packages/control/msg/_heaveActionGoal.py)
Linked: (/home/milo/blue-meadow/farmsim_unity/ros/devel/.private/control/lib/python2.7/dist-packages/control/msg/_swayFeedback.py, /home/milo/blue-meadow/farmsim_unity/ros/devel/lib/python2.7/dist-packages/control/msg/_swayFeedback.py)
Linked: (/home/milo/blue-meadow/farmsim_unity/ros/devel/.private/control/lib/python2.7/dist-packages/control/msg/_yawResult.py, /home/milo/blue-meadow/farmsim_unity/ros/devel/lib/python2.7/dist-packages/control/msg/_yawResult.py)
Linked: (/home/milo/blue-meadow/farmsim_unity/ros/devel/.private/control/lib/python2.7/dist-packages/control/msg/_rollGoal.py, /home/milo/blue-meadow/farmsim_unity/ros/devel/lib/python2.7/dist-packages/control/msg/_rollGoal.py)
Linked: (/home/milo/blue-meadow/farmsim_unity/ros/devel/.private/control/lib/python2.7/dist-packages/control/msg/_thruster.py, /home/milo/blue-meadow/farmsim_unity/ros/devel/lib/python2.7/dist-packages/control/msg/_thruster.py)
Linked: (/home/milo/blue-meadow/farmsim_unity/ros/devel/.private/control/lib/python2.7/dist-packages/control/msg/_pitchAction.py, /home/milo/blue-meadow/farmsim_unity/ros/devel/lib/python2.7/dist-packages/control/msg/_pitchAction.py)
Linked: (/home/milo/blue-meadow/farmsim_unity/ros/devel/.private/control/lib/python2.7/dist-packages/control/msg/_swayAction.py, /home/milo/blue-meadow/farmsim_unity/ros/devel/lib/python2.7/dist-packages/control/msg/_swayAction.py)
Linked: (/home/milo/blue-meadow/farmsim_unity/ros/devel/.private/control/lib/python2.7/dist-packages/control/msg/_heaveGoal.py, /home/milo/blue-meadow/farmsim_unity/ros/devel/lib/python2.7/dist-packages/control/msg/_heaveGoal.py)
Linked: (/home/milo/blue-meadow/farmsim_unity/ros/devel/.private/control/lib/python2.7/dist-packages/control/msg/_rollActionResult.py, /home/milo/blue-meadow/farmsim_unity/ros/devel/lib/python2.7/dist-packages/control/msg/_rollActionResult.py)
