[35m[1mScanning dependencies of target _control_generate_messages_check_deps_rollGoal[0m
[35m[1mScanning dependencies of target _control_generate_messages_check_deps_heaveResult[0m
[35m[1mScanning dependencies of target control_gencfg[0m
[35m[1mScanning dependencies of target _control_generate_messages_check_deps_yawFeedback[0m
[35m[1mScanning dependencies of target _control_generate_messages_check_deps_heaveFeedback[0m
[35m[1mScanning dependencies of target _control_generate_messages_check_deps_swayActionGoal[0m
[35m[1mScanning dependencies of target _control_generate_messages_check_deps_swayFeedback[0m
[35m[1mScanning dependencies of target _control_generate_messages_check_deps_rollActionFeedback[0m
[  0%] [34m[1mGenerating dynamic reconfigure files from cfg/thruster.cfg: /home/milo/blue-meadow/farmsim_unity/ros/devel/.private/control/include/control/thrusterConfig.h /home/milo/blue-meadow/farmsim_unity/ros/devel/.private/control/lib/python2.7/dist-packages/control/cfg/thrusterConfig.py[0m
[  0%] Built target _control_generate_messages_check_deps_rollGoal
[  0%] Built target _control_generate_messages_check_deps_heaveResult
[  0%] Built target _control_generate_messages_check_deps_heaveFeedback
[  0%] Built target _control_generate_messages_check_deps_rollActionFeedback
[35m[1mScanning dependencies of target _control_generate_messages_check_deps_pitchResult[0m
[  0%] Built target _control_generate_messages_check_deps_yawFeedback
[35m[1mScanning dependencies of target _control_generate_messages_check_deps_rollAction[0m
[35m[1mScanning dependencies of target _control_generate_messages_check_deps_yawGoal[0m
[  0%] Built target _control_generate_messages_check_deps_swayActionGoal
[35m[1mScanning dependencies of target _control_generate_messages_check_deps_swayResult[0m
[  0%] Built target _control_generate_messages_check_deps_swayFeedback
[35m[1mScanning dependencies of target _control_generate_messages_check_deps_heaveActionResult[0m
Generating reconfiguration files for thruster in control
Wrote header file in /home/milo/blue-meadow/farmsim_unity/ros/devel/.private/control/include/control/thrusterConfig.h
[  0%] Built target _control_generate_messages_check_deps_rollAction
[35m[1mScanning dependencies of target _control_generate_messages_check_deps_surgeActionGoal[0m
[  0%] Built target _control_generate_messages_check_deps_pitchResult
[35m[1mScanning dependencies of target _control_generate_messages_check_deps_surgeAction[0m
[35m[1mScanning dependencies of target _control_generate_messages_check_deps_pitchActionGoal[0m
[35m[1mScanning dependencies of target _control_generate_messages_check_deps_surgeFeedback[0m
[  0%] Built target _control_generate_messages_check_deps_yawGoal
[  0%] Built target _control_generate_messages_check_deps_swayResult
[35m[1mScanning dependencies of target _control_generate_messages_check_deps_heaveAction[0m
[  0%] Built target _control_generate_messages_check_deps_surgeActionGoal
[  0%] Built target control_gencfg
[  0%] Built target _control_generate_messages_check_deps_heaveActionResult
[35m[1mScanning dependencies of target std_msgs_generate_messages_eus[0m
[35m[1mScanning dependencies of target _control_generate_messages_check_deps_surgeActionResult[0m
[  0%] Built target _control_generate_messages_check_deps_surgeAction
[35m[1mScanning dependencies of target _control_generate_messages_check_deps_heaveActionGoal[0m
[  0%] Built target _control_generate_messages_check_deps_pitchActionGoal
[35m[1mScanning dependencies of target actionlib_msgs_generate_messages_eus[0m
[  0%] Built target std_msgs_generate_messages_eus
[  0%] Built target _control_generate_messages_check_deps_surgeFeedback
[35m[1mScanning dependencies of target _control_generate_messages_check_deps_swayActionFeedback[0m
[35m[1mScanning dependencies of target _control_generate_messages_check_deps_swayAction[0m
[35m[1mScanning dependencies of target _control_generate_messages_check_deps_pitchGoal[0m
[35m[1mScanning dependencies of target _control_generate_messages_check_deps_heaveActionFeedback[0m
[  0%] Built target actionlib_msgs_generate_messages_eus
[  0%] Built target _control_generate_messages_check_deps_heaveAction
[35m[1mScanning dependencies of target _control_generate_messages_check_deps_thruster[0m
[  0%] Built target _control_generate_messages_check_deps_surgeActionResult
[35m[1mScanning dependencies of target _control_generate_messages_check_deps_pitchActionResult[0m
[  0%] Built target _control_generate_messages_check_deps_heaveActionGoal
[35m[1mScanning dependencies of target _control_generate_messages_check_deps_yawActionGoal[0m
[  0%] Built target _control_generate_messages_check_deps_pitchGoal
[  0%] Built target _control_generate_messages_check_deps_swayActionFeedback
[  0%] Built target _control_generate_messages_check_deps_swayAction
[  0%] Built target _control_generate_messages_check_deps_heaveActionFeedback
[35m[1mScanning dependencies of target _control_generate_messages_check_deps_yawActionResult[0m
[35m[1mScanning dependencies of target _control_generate_messages_check_deps_pitchFeedback[0m
[35m[1mScanning dependencies of target _control_generate_messages_check_deps_rollActionGoal[0m
[35m[1mScanning dependencies of target _control_generate_messages_check_deps_rollActionResult[0m
[35m[1mScanning dependencies of target _control_generate_messages_check_deps_rollResult[0m
[  0%] Built target _control_generate_messages_check_deps_thruster
[35m[1mScanning dependencies of target _control_generate_messages_check_deps_yawActionFeedback[0m
[  0%] Built target _control_generate_messages_check_deps_pitchActionResult
[  0%] Built target _control_generate_messages_check_deps_yawActionGoal
[35m[1mScanning dependencies of target _control_generate_messages_check_deps_pitchActionFeedback[0m
[  0%] Built target _control_generate_messages_check_deps_yawActionResult
[  0%] Built target _control_generate_messages_check_deps_pitchFeedback
[35m[1mScanning dependencies of target _control_generate_messages_check_deps_pitchAction[0m
[  0%] Built target _control_generate_messages_check_deps_rollActionGoal
[  0%] Built target _control_generate_messages_check_deps_rollResult
[  0%] Built target _control_generate_messages_check_deps_rollActionResult
[35m[1mScanning dependencies of target _control_generate_messages_check_deps_surgeActionFeedback[0m
[35m[1mScanning dependencies of target _control_generate_messages_check_deps_yawResult[0m
[  0%] Built target _control_generate_messages_check_deps_yawActionFeedback
[35m[1mScanning dependencies of target _control_generate_messages_check_deps_surgeGoal[0m
[35m[1mScanning dependencies of target _control_generate_messages_check_deps_swayGoal[0m
[35m[1mScanning dependencies of target _control_generate_messages_check_deps_yawAction[0m
[35m[1mScanning dependencies of target _control_generate_messages_check_deps_surgeResult[0m
[  0%] Built target _control_generate_messages_check_deps_pitchActionFeedback
[  0%] Built target _control_generate_messages_check_deps_pitchAction
[35m[1mScanning dependencies of target _control_generate_messages_check_deps_heaveGoal[0m
[  0%] Built target _control_generate_messages_check_deps_surgeActionFeedback
[  0%] Built target _control_generate_messages_check_deps_yawResult
[35m[1mScanning dependencies of target _control_generate_messages_check_deps_swayActionResult[0m
[  0%] Built target _control_generate_messages_check_deps_surgeGoal
[  0%] Built target _control_generate_messages_check_deps_swayGoal
[35m[1mScanning dependencies of target actionlib_msgs_generate_messages_py[0m
[35m[1mScanning dependencies of target std_msgs_generate_messages_py[0m
[35m[1mScanning dependencies of target _control_generate_messages_check_deps_rollFeedback[0m
[35m[1mScanning dependencies of target actionlib_msgs_generate_messages_nodejs[0m
[  0%] Built target _control_generate_messages_check_deps_surgeResult
[  0%] Built target std_msgs_generate_messages_py
[  0%] Built target _control_generate_messages_check_deps_yawAction
[  0%] Built target actionlib_msgs_generate_messages_py
[  0%] Built target actionlib_msgs_generate_messages_nodejs
[  0%] Built target _control_generate_messages_check_deps_heaveGoal
[35m[1mScanning dependencies of target std_msgs_generate_messages_nodejs[0m
[35m[1mScanning dependencies of target actionlib_msgs_generate_messages_lisp[0m
[35m[1mScanning dependencies of target std_msgs_generate_messages_lisp[0m
[  0%] Built target _control_generate_messages_check_deps_swayActionResult
[35m[1mScanning dependencies of target std_msgs_generate_messages_cpp[0m
[35m[1mScanning dependencies of target actionlib_msgs_generate_messages_cpp[0m
[  0%] Built target std_msgs_generate_messages_lisp
[  0%] Built target std_msgs_generate_messages_nodejs
[  0%] Built target actionlib_msgs_generate_messages_lisp
[  0%] Built target std_msgs_generate_messages_cpp
[  0%] Built target actionlib_msgs_generate_messages_cpp
[  0%] Built target _control_generate_messages_check_deps_rollFeedback
[35m[1mScanning dependencies of target control_generate_messages_nodejs[0m
[35m[1mScanning dependencies of target control_generate_messages_py[0m
[35m[1mScanning dependencies of target control_generate_messages_cpp[0m
[35m[1mScanning dependencies of target control_generate_messages_lisp[0m
[35m[1mScanning dependencies of target control_generate_messages_eus[0m
[  0%] [34m[1mGenerating Javascript code from control/rollGoal.msg[0m
[  1%] [34m[1mGenerating Javascript code from control/swayActionGoal.msg[0m
[  1%] [34m[1mGenerating Javascript code from control/pitchResult.msg[0m
[  1%] [34m[1mGenerating Javascript code from control/surgeAction.msg[0m
[  1%] [34m[1mGenerating C++ code from control/pitchResult.msg[0m
[  1%] [34m[1mGenerating EusLisp code from control/pitchResult.msg[0m
[  2%] [34m[1mGenerating Python from MSG control/pitchResult[0m
[  2%] [34m[1mGenerating Lisp code from control/pitchResult.msg[0m
[  2%] [34m[1mGenerating Lisp code from control/rollGoal.msg[0m
[  3%] [34m[1mGenerating Lisp code from control/swayActionGoal.msg[0m
[  4%] [34m[1mGenerating Lisp code from control/surgeAction.msg[0m
[  5%] [34m[1mGenerating Javascript code from control/pitchActionGoal.msg[0m
[  5%] [34m[1mGenerating Javascript code from control/swayFeedback.msg[0m
[  6%] [34m[1mGenerating EusLisp code from control/swayActionGoal.msg[0m
[  6%] [34m[1mGenerating EusLisp code from control/rollGoal.msg[0m
[  6%] [34m[1mGenerating EusLisp code from control/surgeAction.msg[0m
[  6%] [34m[1mGenerating Lisp code from control/pitchActionGoal.msg[0m
[  7%] [34m[1mGenerating EusLisp code from control/pitchActionGoal.msg[0m
[  7%] [34m[1mGenerating Python from MSG control/swayActionGoal[0m
[  8%] [34m[1mGenerating Javascript code from control/surgeActionResult.msg[0m
[  9%] [34m[1mGenerating C++ code from control/swayActionGoal.msg[0m
[ 10%] [34m[1mGenerating Lisp code from control/swayFeedback.msg[0m
[ 10%] [34m[1mGenerating Javascript code from control/heaveFeedback.msg[0m
[ 11%] [34m[1mGenerating Javascript code from control/swayResult.msg[0m
[ 11%] [34m[1mGenerating EusLisp code from control/swayFeedback.msg[0m
[ 11%] [34m[1mGenerating Lisp code from control/surgeActionResult.msg[0m
[ 11%] [34m[1mGenerating Javascript code from control/surgeActionGoal.msg[0m
[ 11%] [34m[1mGenerating Lisp code from control/heaveFeedback.msg[0m
[ 12%] [34m[1mGenerating Lisp code from control/swayResult.msg[0m
[ 12%] [34m[1mGenerating Javascript code from control/rollActionResult.msg[0m
[ 13%] [34m[1mGenerating Javascript code from control/rollAction.msg[0m
[ 13%] [34m[1mGenerating Lisp code from control/surgeActionGoal.msg[0m
[ 14%] [34m[1mGenerating Python from MSG control/rollGoal[0m
[ 15%] [34m[1mGenerating EusLisp code from control/surgeActionResult.msg[0m
[ 15%] [34m[1mGenerating EusLisp code from control/heaveFeedback.msg[0m
[ 16%] [34m[1mGenerating EusLisp code from control/swayResult.msg[0m
[ 16%] [34m[1mGenerating C++ code from control/rollGoal.msg[0m
[ 17%] [34m[1mGenerating Lisp code from control/rollAction.msg[0m
[ 17%] [34m[1mGenerating Javascript code from control/swayAction.msg[0m
[ 18%] [34m[1mGenerating C++ code from control/surgeAction.msg[0m
[ 18%] [34m[1mGenerating EusLisp code from control/surgeActionGoal.msg[0m
[ 18%] [34m[1mGenerating Python from MSG control/surgeAction[0m
[ 20%] [34m[1mGenerating EusLisp code from control/rollAction.msg[0m
[ 20%] [34m[1mGenerating Lisp code from control/rollActionResult.msg[0m
[ 21%] [34m[1mGenerating Javascript code from control/swayActionFeedback.msg[0m
[ 22%] [34m[1mGenerating Python from MSG control/pitchActionGoal[0m
[ 22%] [34m[1mGenerating EusLisp code from control/rollActionResult.msg[0m
[ 23%] [34m[1mGenerating Lisp code from control/swayAction.msg[0m
[ 23%] [34m[1mGenerating EusLisp code from control/swayAction.msg[0m
[ 23%] [34m[1mGenerating Javascript code from control/yawActionGoal.msg[0m
[ 24%] [34m[1mGenerating C++ code from control/swayFeedback.msg[0m
[ 24%] [34m[1mGenerating C++ code from control/pitchActionGoal.msg[0m
[ 25%] [34m[1mGenerating EusLisp code from control/swayActionFeedback.msg[0m
[ 25%] [34m[1mGenerating Lisp code from control/swayActionFeedback.msg[0m
[ 25%] [34m[1mGenerating EusLisp code from control/yawActionGoal.msg[0m
[ 25%] [34m[1mGenerating Python from MSG control/swayFeedback[0m
[ 26%] [34m[1mGenerating Javascript code from control/pitchActionResult.msg[0m
[ 27%] [34m[1mGenerating EusLisp code from control/pitchActionResult.msg[0m
[ 27%] [34m[1mGenerating Lisp code from control/yawActionGoal.msg[0m
[ 27%] [34m[1mGenerating Javascript code from control/pitchAction.msg[0m
[ 27%] [34m[1mGenerating EusLisp code from control/pitchAction.msg[0m
[ 28%] [34m[1mGenerating EusLisp code from control/yawActionResult.msg[0m
[ 29%] [34m[1mGenerating Lisp code from control/pitchActionResult.msg[0m
[ 29%] [34m[1mGenerating C++ code from control/surgeActionResult.msg[0m
[ 29%] [34m[1mGenerating EusLisp code from control/pitchFeedback.msg[0m
[ 30%] [34m[1mGenerating Python from MSG control/surgeActionResult[0m
[ 30%] [34m[1mGenerating EusLisp code from control/heaveActionGoal.msg[0m
[ 31%] [34m[1mGenerating Javascript code from control/yawActionResult.msg[0m
[ 32%] [34m[1mGenerating Lisp code from control/yawActionResult.msg[0m
[ 32%] [34m[1mGenerating Lisp code from control/pitchFeedback.msg[0m
[ 32%] [34m[1mGenerating Lisp code from control/pitchAction.msg[0m
[ 32%] [34m[1mGenerating Javascript code from control/pitchFeedback.msg[0m
[ 33%] [34m[1mGenerating EusLisp code from control/rollResult.msg[0m
[ 33%] [34m[1mGenerating EusLisp code from control/heaveAction.msg[0m
[ 34%] [34m[1mGenerating Lisp code from control/heaveActionGoal.msg[0m
[ 35%] [34m[1mGenerating Lisp code from control/heaveAction.msg[0m
[ 35%] [34m[1mGenerating Python from MSG control/heaveFeedback[0m
[ 35%] [34m[1mGenerating Lisp code from control/rollResult.msg[0m
[ 35%] [34m[1mGenerating Javascript code from control/heaveActionGoal.msg[0m
[ 35%] [34m[1mGenerating C++ code from control/heaveFeedback.msg[0m
[ 35%] [34m[1mGenerating Python from MSG control/swayResult[0m
[ 35%] [34m[1mGenerating Lisp code from control/rollFeedback.msg[0m
[ 36%] [34m[1mGenerating Javascript code from control/rollResult.msg[0m
[ 37%] [34m[1mGenerating EusLisp code from control/rollFeedback.msg[0m
[ 37%] [34m[1mGenerating Javascript code from control/heaveAction.msg[0m
[ 37%] [34m[1mGenerating Lisp code from control/yawActionFeedback.msg[0m
[ 38%] [34m[1mGenerating Python from MSG control/surgeActionGoal[0m
[ 40%] [34m[1mGenerating Lisp code from control/pitchActionFeedback.msg[0m
[ 41%] [34m[1mGenerating Javascript code from control/rollFeedback.msg[0m
[ 42%] [34m[1mGenerating Lisp code from control/heaveActionResult.msg[0m
[ 42%] [34m[1mGenerating Lisp code from control/surgeActionFeedback.msg[0m
[ 42%] [34m[1mGenerating Python from MSG control/rollAction[0m
[ 42%] [34m[1mGenerating EusLisp code from control/yawActionFeedback.msg[0m
[ 42%] [34m[1mGenerating Lisp code from control/heaveActionFeedback.msg[0m
[ 43%] [34m[1mGenerating C++ code from control/swayResult.msg[0m
[ 44%] [34m[1mGenerating Lisp code from control/rollActionGoal.msg[0m
[ 44%] [34m[1mGenerating Javascript code from control/yawActionFeedback.msg[0m
[ 44%] [34m[1mGenerating C++ code from control/surgeActionGoal.msg[0m
[ 45%] [34m[1mGenerating C++ code from control/rollAction.msg[0m
[ 46%] [34m[1mGenerating Javascript code from control/pitchActionFeedback.msg[0m
[ 46%] [34m[1mGenerating C++ code from control/rollActionResult.msg[0m
[ 46%] [34m[1mGenerating Lisp code from control/yawResult.msg[0m
[ 47%] [34m[1mGenerating EusLisp code from control/pitchActionFeedback.msg[0m
[ 48%] [34m[1mGenerating Python from MSG control/rollActionResult[0m
[ 48%] [34m[1mGenerating Lisp code from control/pitchGoal.msg[0m
[ 48%] [34m[1mGenerating Javascript code from control/surgeActionFeedback.msg[0m
[ 48%] [34m[1mGenerating Javascript code from control/heaveActionResult.msg[0m
[ 49%] [34m[1mGenerating Lisp code from control/swayGoal.msg[0m
[ 49%] [34m[1mGenerating Lisp code from control/thruster.msg[0m
[ 49%] [34m[1mGenerating EusLisp code from control/surgeActionFeedback.msg[0m
[ 49%] [34m[1mGenerating Python from MSG control/swayAction[0m
[ 50%] [34m[1mGenerating Javascript code from control/heaveActionFeedback.msg[0m
[ 50%] [34m[1mGenerating C++ code from control/swayActionFeedback.msg[0m
[ 51%] [34m[1mGenerating C++ code from control/swayAction.msg[0m
[ 52%] [34m[1mGenerating Python from MSG control/swayActionFeedback[0m
[ 52%] [34m[1mGenerating C++ code from control/yawActionGoal.msg[0m
[ 53%] [34m[1mGenerating Lisp code from control/rollActionFeedback.msg[0m
[ 53%] [34m[1mGenerating Javascript code from control/rollActionGoal.msg[0m
[ 54%] [34m[1mGenerating EusLisp code from control/heaveActionResult.msg[0m
[ 55%] [34m[1mGenerating Lisp code from control/surgeGoal.msg[0m
[ 55%] [34m[1mGenerating Lisp code from control/yawGoal.msg[0m
[ 55%] [34m[1mGenerating Python from MSG control/yawActionGoal[0m
[ 56%] [34m[1mGenerating Javascript code from control/yawResult.msg[0m
[ 56%] [34m[1mGenerating EusLisp code from control/heaveActionFeedback.msg[0m
[ 56%] [34m[1mGenerating Lisp code from control/yawAction.msg[0m
[ 57%] [34m[1mGenerating C++ code from control/pitchActionResult.msg[0m
[ 57%] [34m[1mGenerating C++ code from control/pitchAction.msg[0m
[ 57%] [34m[1mGenerating EusLisp code from control/rollActionGoal.msg[0m
[ 57%] [34m[1mGenerating Javascript code from control/pitchGoal.msg[0m
[ 57%] [34m[1mGenerating Python from MSG control/pitchActionResult[0m
[ 58%] [34m[1mGenerating Lisp code from control/surgeFeedback.msg[0m
[ 60%] [34m[1mGenerating Javascript code from control/swayGoal.msg[0m
[ 61%] [34m[1mGenerating EusLisp code from control/yawResult.msg[0m
[ 62%] [34m[1mGenerating C++ code from control/yawActionResult.msg[0m
[ 62%] [34m[1mGenerating C++ code from control/pitchFeedback.msg[0m
[ 62%] [34m[1mGenerating Javascript code from control/thruster.msg[0m
[ 62%] [34m[1mGenerating Lisp code from control/surgeResult.msg[0m
[ 62%] [34m[1mGenerating Lisp code from control/heaveGoal.msg[0m
[ 63%] [34m[1mGenerating Python from MSG control/pitchAction[0m
[ 64%] [34m[1mGenerating C++ code from control/heaveActionGoal.msg[0m
[ 64%] [34m[1mGenerating EusLisp code from control/pitchGoal.msg[0m
[ 65%] [34m[1mGenerating Javascript code from control/rollActionFeedback.msg[0m
[ 66%] [34m[1mGenerating EusLisp code from control/swayGoal.msg[0m
[ 67%] [34m[1mGenerating Lisp code from control/heaveResult.msg[0m
[ 67%] [34m[1mGenerating C++ code from control/rollResult.msg[0m
[ 67%] [34m[1mGenerating EusLisp code from control/thruster.msg[0m
[ 67%] [34m[1mGenerating Python from MSG control/yawActionResult[0m
[ 68%] [34m[1mGenerating C++ code from control/heaveAction.msg[0m
[ 68%] [34m[1mGenerating Javascript code from control/yawGoal.msg[0m
[ 68%] [34m[1mGenerating Lisp code from control/swayActionResult.msg[0m
[ 68%] [34m[1mGenerating Javascript code from control/surgeGoal.msg[0m
[ 69%] [34m[1mGenerating Javascript code from control/yawAction.msg[0m
[ 70%] [34m[1mGenerating Lisp code from control/yawFeedback.msg[0m
[ 71%] [34m[1mGenerating EusLisp code from control/rollActionFeedback.msg[0m
[ 71%] [34m[1mGenerating Python from MSG control/heaveActionGoal[0m
[ 72%] [34m[1mGenerating Python from MSG control/pitchFeedback[0m
[ 72%] [34m[1mGenerating Javascript code from control/surgeFeedback.msg[0m
[ 73%] [34m[1mGenerating Python from MSG control/rollResult[0m
[ 74%] [34m[1mGenerating Javascript code from control/surgeResult.msg[0m
[ 74%] Built target control_generate_messages_lisp
[ 74%] [34m[1mGenerating Javascript code from control/heaveGoal.msg[0m
[ 74%] [34m[1mGenerating C++ code from control/rollFeedback.msg[0m
[ 74%] [34m[1mGenerating EusLisp code from control/yawGoal.msg[0m
[ 74%] [34m[1mGenerating Python from MSG control/heaveAction[0m
[ 75%] [34m[1mGenerating Python from MSG control/rollFeedback[0m
[ 75%] [34m[1mGenerating Python from MSG control/pitchActionFeedback[0m
[ 75%] [34m[1mGenerating EusLisp code from control/surgeGoal.msg[0m
[ 75%] [34m[1mGenerating Python from MSG control/yawActionFeedback[0m
[ 76%] [34m[1mGenerating Javascript code from control/heaveResult.msg[0m
[ 76%] [34m[1mGenerating Javascript code from control/swayActionResult.msg[0m
[ 76%] [34m[1mGenerating Javascript code from control/yawFeedback.msg[0m
[ 77%] [34m[1mGenerating Python from MSG control/surgeActionFeedback[0m
[ 78%] [34m[1mGenerating EusLisp code from control/yawAction.msg[0m
[ 78%] [34m[1mGenerating EusLisp code from control/surgeFeedback.msg[0m
[ 78%] Built target control_generate_messages_nodejs
[ 78%] [34m[1mGenerating C++ code from control/yawActionFeedback.msg[0m
[ 80%] [34m[1mGenerating C++ code from control/pitchActionFeedback.msg[0m
[ 81%] [34m[1mGenerating C++ code from control/heaveActionResult.msg[0m
[ 82%] [34m[1mGenerating C++ code from control/surgeActionFeedback.msg[0m
[ 82%] [34m[1mGenerating EusLisp code from control/surgeResult.msg[0m
[ 82%] [34m[1mGenerating C++ code from control/heaveActionFeedback.msg[0m
[ 82%] [34m[1mGenerating EusLisp code from control/heaveGoal.msg[0m
[ 83%] [34m[1mGenerating EusLisp code from control/heaveResult.msg[0m
[ 83%] [34m[1mGenerating Python from MSG control/heaveActionResult[0m
[ 83%] [34m[1mGenerating EusLisp code from control/swayActionResult.msg[0m
[ 84%] [34m[1mGenerating C++ code from control/rollActionGoal.msg[0m
[ 84%] [34m[1mGenerating C++ code from control/yawResult.msg[0m
[ 84%] [34m[1mGenerating EusLisp code from control/yawFeedback.msg[0m
[ 85%] [34m[1mGenerating Python from MSG control/heaveActionFeedback[0m
[ 86%] [34m[1mGenerating EusLisp manifest code for control[0m
[ 86%] [34m[1mGenerating C++ code from control/pitchGoal.msg[0m
[ 86%] [34m[1mGenerating Python from MSG control/rollActionGoal[0m
[ 87%] [34m[1mGenerating Python from MSG control/yawResult[0m
[ 88%] [34m[1mGenerating C++ code from control/swayGoal.msg[0m
[ 88%] [34m[1mGenerating Python from MSG control/pitchGoal[0m
[ 89%] [34m[1mGenerating Python from MSG control/thruster[0m
[ 89%] [34m[1mGenerating Python from MSG control/swayGoal[0m
[ 90%] [34m[1mGenerating Python from MSG control/yawGoal[0m
[ 90%] [34m[1mGenerating Python from MSG control/rollActionFeedback[0m
[ 90%] [34m[1mGenerating C++ code from control/thruster.msg[0m
[ 91%] [34m[1mGenerating C++ code from control/rollActionFeedback.msg[0m
[ 91%] [34m[1mGenerating Python from MSG control/surgeGoal[0m
[ 91%] [34m[1mGenerating C++ code from control/yawGoal.msg[0m
[ 92%] [34m[1mGenerating Python from MSG control/yawAction[0m
[ 92%] [34m[1mGenerating Python from MSG control/surgeFeedback[0m
[ 93%] [34m[1mGenerating C++ code from control/surgeGoal.msg[0m
[ 93%] [34m[1mGenerating C++ code from control/yawAction.msg[0m
[ 94%] [34m[1mGenerating Python from MSG control/surgeResult[0m
[ 95%] [34m[1mGenerating C++ code from control/surgeFeedback.msg[0m
[ 95%] [34m[1mGenerating Python from MSG control/heaveGoal[0m
[ 95%] [34m[1mGenerating C++ code from control/surgeResult.msg[0m
[ 95%] [34m[1mGenerating Python from MSG control/heaveResult[0m
[ 96%] [34m[1mGenerating Python from MSG control/swayActionResult[0m
[ 96%] [34m[1mGenerating C++ code from control/heaveGoal.msg[0m
[ 97%] [34m[1mGenerating C++ code from control/heaveResult.msg[0m
[ 97%] [34m[1mGenerating Python from MSG control/yawFeedback[0m
[ 97%] [34m[1mGenerating C++ code from control/swayActionResult.msg[0m
[ 98%] [34m[1mGenerating C++ code from control/yawFeedback.msg[0m
[100%] [34m[1mGenerating Python msg __init__.py for control[0m
[100%] Built target control_generate_messages_cpp
[100%] Built target control_generate_messages_py
[100%] Built target control_generate_messages_eus
[35m[1mScanning dependencies of target control_generate_messages[0m
[100%] Built target control_generate_messages
