[36m--[0m Using CATKIN_DEVEL_PREFIX: /home/milo/blue-meadow/farmsim_unity/ros/devel/.private/control
[36m--[0m Using CMAKE_PREFIX_PATH: /home/milo/blue-meadow/farmsim_unity/ros/devel;/opt/ros/melodic
[36m--[0m This workspace overlays: /home/milo/blue-meadow/farmsim_unity/ros/devel;/opt/ros/melodic
[36m--[0m Found PythonInterp: /usr/bin/python2 (found suitable version "2.7.17", minimum required is "2")
[36m--[0m Using PYTHON_EXECUTABLE: /usr/bin/python2
[36m--[0m Using Debian Python package layout
[36m--[0m Using empy: /usr/bin/empy
[36m--[0m Using CATKIN_ENABLE_TESTING: ON
[36m--[0m Call enable_testing()
[36m--[0m Using CATKIN_TEST_RESULTS_DIR: /home/milo/blue-meadow/farmsim_unity/ros/build/control/test_results
[36m--[0m Found gtest sources under '/usr/src/googletest': gtests will be built
[36m--[0m Found gmock sources under '/usr/src/googletest': gmock will be built
[36m--[0m Found PythonInterp: /usr/bin/python2 (found version "2.7.17")
[36m--[0m Using Python nosetests: /usr/bin/nosetests-2.7
[36m--[0m catkin 0.7.20
[36m--[0m BUILD_SHARED_LIBS is on
[36m--[0m Using these message generators: gencpp;geneus;genlisp;gennodejs;genpy
[36m--[0m Generating .msg files for action control/heave /home/milo/blue-meadow/farmsim_unity/ros/src/control/action/heave.action
[36m--[0m Generating .msg files for action control/pitch /home/milo/blue-meadow/farmsim_unity/ros/src/control/action/pitch.action
[36m--[0m Generating .msg files for action control/sway /home/milo/blue-meadow/farmsim_unity/ros/src/control/action/sway.action
[36m--[0m Generating .msg files for action control/yaw /home/milo/blue-meadow/farmsim_unity/ros/src/control/action/yaw.action
[36m--[0m Generating .msg files for action control/roll /home/milo/blue-meadow/farmsim_unity/ros/src/control/action/roll.action
[36m--[0m Generating .msg files for action control/surge /home/milo/blue-meadow/farmsim_unity/ros/src/control/action/surge.action
[36m--[0m control: 44 messages, 0 services
[36m--[0m Configuring done
[36m--[0m Generating done
[36m--[0m Build files have been written to: /home/milo/blue-meadow/farmsim_unity/ros/build/control
